[ 2014-04-30T00:28:34+08:00 ] 127.0.0.1 /index.php
INFO: [ app_begin ] --START--
INFO: Run ReadHtmlCache Behavior [ RunTime:0.002570s ]
INFO: [ app_begin ] --END-- [ RunTime:0.035580s ]
INFO: [ view_template ] --START--
INFO: Run LocationTemplate Behavior [ RunTime:-0.063262s ]
INFO: [ view_template ] --END-- [ RunTime:0.002935s ]
INFO: [ view_parse ] --START--
INFO: Run ParseTemplate Behavior [ RunTime:-0.066255s ]
INFO: [ view_parse ] --END-- [ RunTime:0.092301s ]
INFO: [ view_filter ] --START--
INFO: Run ContentReplace Behavior [ RunTime:-0.158581s ]
INFO: Run TokenBuild Behavior [ RunTime:-0.159705s ]
INFO: Run WriteHtmlCache Behavior [ RunTime:-0.160819s ]
INFO: Run ShowRuntime Behavior [ RunTime:-0.161666s ]
INFO: [ view_filter ] --END-- [ RunTime:0.004269s ]
INFO: [ view_end ] --START--
INFO: Run ShowPageTrace Behavior [ RunTime:-0.162912s ]
INFO: [ view_end ] --END-- [ RunTime:0.001278s ]

[ 2014-04-30T00:30:45+08:00 ] 127.0.0.1 /index.php
INFO: [ app_begin ] --START--
INFO: Run ReadHtmlCache Behavior [ RunTime:0.000740s ]
INFO: [ app_begin ] --END-- [ RunTime:0.000819s ]
INFO: [ view_template ] --START--
INFO: Run LocationTemplate Behavior [ RunTime:-0.003115s ]
INFO: [ view_template ] --END-- [ RunTime:0.001080s ]
INFO: [ view_parse ] --START--
INFO: Run ParseTemplate Behavior [ RunTime:-0.004228s ]
INFO: [ view_parse ] --END-- [ RunTime:0.008167s ]
INFO: [ view_filter ] --START--
INFO: Run ContentReplace Behavior [ RunTime:-0.012424s ]
INFO: Run TokenBuild Behavior [ RunTime:-0.012933s ]
INFO: Run WriteHtmlCache Behavior [ RunTime:-0.013460s ]
INFO: Run ShowRuntime Behavior [ RunTime:-0.013859s ]
INFO: [ view_filter ] --END-- [ RunTime:0.002078s ]
INFO: [ view_end ] --START--
INFO: Run ShowPageTrace Behavior [ RunTime:-0.014565s ]
INFO: [ view_end ] --END-- [ RunTime:0.000697s ]

[ 2014-04-30T00:31:51+08:00 ] 127.0.0.1 /index.php
INFO: [ app_begin ] --START--
INFO: Run ReadHtmlCache Behavior [ RunTime:0.000738s ]
INFO: [ app_begin ] --END-- [ RunTime:0.000871s ]
INFO: [ view_template ] --START--
INFO: Run LocationTemplate Behavior [ RunTime:-0.001971s ]
INFO: [ view_template ] --END-- [ RunTime:0.000943s ]
INFO: [ view_parse ] --START--
INFO: Run ParseTemplate Behavior [ RunTime:-0.002946s ]
INFO: [ view_parse ] --END-- [ RunTime:0.007814s ]
INFO: [ view_filter ] --START--
INFO: Run ContentReplace Behavior [ RunTime:-0.010792s ]
INFO: Run TokenBuild Behavior [ RunTime:-0.011310s ]
INFO: Run WriteHtmlCache Behavior [ RunTime:-0.011838s ]
INFO: Run ShowRuntime Behavior [ RunTime:-0.012240s ]
INFO: [ view_filter ] --END-- [ RunTime:0.002026s ]
INFO: [ view_end ] --START--
INFO: Run ShowPageTrace Behavior [ RunTime:-0.012876s ]
INFO: [ view_end ] --END-- [ RunTime:0.000692s ]

[ 2014-04-30T00:32:18+08:00 ] 127.0.0.1 /index.php
INFO: [ app_begin ] --START--
INFO: Run ReadHtmlCache Behavior [ RunTime:0.000718s ]
INFO: [ app_begin ] --END-- [ RunTime:0.000794s ]
INFO: [ view_template ] --START--
INFO: Run LocationTemplate Behavior [ RunTime:-0.001978s ]
INFO: [ view_template ] --END-- [ RunTime:0.000959s ]
INFO: [ view_parse ] --START--
INFO: Run ParseTemplate Behavior [ RunTime:-0.002968s ]
INFO: [ view_parse ] --END-- [ RunTime:0.008036s ]
INFO: [ view_filter ] --START--
INFO: Run ContentReplace Behavior [ RunTime:-0.011035s ]
INFO: Run TokenBuild Behavior [ RunTime:-0.011542s ]
INFO: Run WriteHtmlCache Behavior [ RunTime:-0.012084s ]
INFO: Run ShowRuntime Behavior [ RunTime:-0.012482s ]
INFO: [ view_filter ] --END-- [ RunTime:0.002026s ]
INFO: [ view_end ] --START--
INFO: Run ShowPageTrace Behavior [ RunTime:-0.013117s ]
INFO: [ view_end ] --END-- [ RunTime:0.000676s ]

[ 2014-04-30T00:32:41+08:00 ] 127.0.0.1 /index.php
INFO: [ app_begin ] --START--
INFO: Run ReadHtmlCache Behavior [ RunTime:0.000862s ]
INFO: [ app_begin ] --END-- [ RunTime:0.000936s ]
INFO: [ view_template ] --START--
INFO: Run LocationTemplate Behavior [ RunTime:-0.002000s ]
INFO: [ view_template ] --END-- [ RunTime:0.000974s ]
INFO: [ view_parse ] --START--
INFO: Run ParseTemplate Behavior [ RunTime:-0.003007s ]
INFO: [ view_parse ] --END-- [ RunTime:0.009139s ]
INFO: [ view_filter ] --START--
INFO: Run ContentReplace Behavior [ RunTime:-0.012181s ]
INFO: Run TokenBuild Behavior [ RunTime:-0.012726s ]
INFO: Run WriteHtmlCache Behavior [ RunTime:-0.013311s ]
INFO: Run ShowRuntime Behavior [ RunTime:-0.013719s ]
INFO: [ view_filter ] --END-- [ RunTime:0.002156s ]
INFO: [ view_end ] --START--
INFO: Run ShowPageTrace Behavior [ RunTime:-0.014394s ]
INFO: [ view_end ] --END-- [ RunTime:0.000734s ]

[ 2014-04-30T00:32:51+08:00 ] 127.0.0.1 /index.php
INFO: [ app_begin ] --START--
INFO: Run ReadHtmlCache Behavior [ RunTime:0.000677s ]
INFO: [ app_begin ] --END-- [ RunTime:0.000758s ]
INFO: [ view_template ] --START--
INFO: Run LocationTemplate Behavior [ RunTime:-0.001332s ]
INFO: [ view_template ] --END-- [ RunTime:0.000451s ]
INFO: [ view_parse ] --START--
INFO: Run ParseTemplate Behavior [ RunTime:-0.001817s ]
INFO: [ view_parse ] --END-- [ RunTime:0.007358s ]
INFO: [ view_filter ] --START--
INFO: Run ContentReplace Behavior [ RunTime:-0.009209s ]
INFO: Run TokenBuild Behavior [ RunTime:-0.009686s ]
INFO: Run WriteHtmlCache Behavior [ RunTime:-0.010101s ]
INFO: Run ShowRuntime Behavior [ RunTime:-0.010402s ]
INFO: [ view_filter ] --END-- [ RunTime:0.001655s ]
INFO: [ view_end ] --START--
INFO: Run ShowPageTrace Behavior [ RunTime:-0.010922s ]
INFO: [ view_end ] --END-- [ RunTime:0.000568s ]

[ 2014-04-30T09:50:14+08:00 ] 127.0.0.1 /index.php
INFO: [ app_begin ] --START--
INFO: Run ReadHtmlCache Behavior [ RunTime:0.002683s ]
INFO: [ app_begin ] --END-- [ RunTime:0.024080s ]
INFO: [ view_template ] --START--
INFO: Run LocationTemplate Behavior [ RunTime:-0.066701s ]
INFO: [ view_template ] --END-- [ RunTime:0.018295s ]
INFO: [ view_parse ] --START--
INFO: Run ParseTemplate Behavior [ RunTime:-0.085050s ]
INFO: [ view_parse ] --END-- [ RunTime:0.069816s ]
INFO: [ view_filter ] --START--
INFO: Run ContentReplace Behavior [ RunTime:-0.154921s ]
INFO: Run TokenBuild Behavior [ RunTime:-0.156296s ]
INFO: Run WriteHtmlCache Behavior [ RunTime:-0.157956s ]
INFO: Run ShowRuntime Behavior [ RunTime:-0.159007s ]
INFO: [ view_filter ] --END-- [ RunTime:0.005948s ]
INFO: [ view_end ] --START--
INFO: Run ShowPageTrace Behavior [ RunTime:-0.160966s ]
INFO: [ view_end ] --END-- [ RunTime:0.002121s ]

[ 2014-04-30T09:50:37+08:00 ] 127.0.0.1 /index.php
INFO: [ app_begin ] --START--
INFO: Run ReadHtmlCache Behavior [ RunTime:0.001139s ]
INFO: [ app_begin ] --END-- [ RunTime:0.001245s ]
INFO: [ view_template ] --START--
INFO: Run LocationTemplate Behavior [ RunTime:-0.004136s ]
INFO: [ view_template ] --END-- [ RunTime:0.001532s ]
INFO: [ view_parse ] --START--
INFO: Run ParseTemplate Behavior [ RunTime:-0.005719s ]
INFO: [ view_parse ] --END-- [ RunTime:0.013241s ]
INFO: [ view_filter ] --START--
INFO: Run ContentReplace Behavior [ RunTime:-0.019015s ]
INFO: Run TokenBuild Behavior [ RunTime:-0.019835s ]
INFO: Run WriteHtmlCache Behavior [ RunTime:-0.020669s ]
INFO: Run ShowRuntime Behavior [ RunTime:-0.021066s ]
INFO: [ view_filter ] --END-- [ RunTime:0.002632s ]
INFO: [ view_end ] --START--
INFO: Run ShowPageTrace Behavior [ RunTime:-0.021698s ]
INFO: [ view_end ] --END-- [ RunTime:0.000679s ]

[ 2014-04-30T09:51:34+08:00 ] 127.0.0.1 /index.php
INFO: [ app_begin ] --START--
INFO: Run ReadHtmlCache Behavior [ RunTime:0.000546s ]
INFO: [ app_begin ] --END-- [ RunTime:0.000623s ]
INFO: [ view_template ] --START--
INFO: Run LocationTemplate Behavior [ RunTime:-0.001294s ]
INFO: [ view_template ] --END-- [ RunTime:0.000438s ]
INFO: [ view_parse ] --START--
INFO: Run ParseTemplate Behavior [ RunTime:-0.001765s ]
INFO: [ view_parse ] --END-- [ RunTime:0.006860s ]
INFO: [ view_filter ] --START--
INFO: Run ContentReplace Behavior [ RunTime:-0.008656s ]
INFO: Run TokenBuild Behavior [ RunTime:-0.009057s ]
INFO: Run WriteHtmlCache Behavior [ RunTime:-0.009461s ]
INFO: Run ShowRuntime Behavior [ RunTime:-0.009796s ]
INFO: [ view_filter ] --END-- [ RunTime:0.001654s ]
INFO: [ view_end ] --START--
INFO: Run ShowPageTrace Behavior [ RunTime:-0.010371s ]
INFO: [ view_end ] --END-- [ RunTime:0.000566s ]

[ 2014-04-30T09:52:58+08:00 ] 127.0.0.1 /index.php
INFO: [ app_begin ] --START--
INFO: Run ReadHtmlCache Behavior [ RunTime:0.000900s ]
INFO: [ app_begin ] --END-- [ RunTime:0.001010s ]
INFO: [ view_template ] --START--
INFO: Run LocationTemplate Behavior [ RunTime:-0.002247s ]
INFO: [ view_template ] --END-- [ RunTime:0.001116s ]
INFO: [ view_parse ] --START--
INFO: Run ParseTemplate Behavior [ RunTime:-0.003389s ]
INFO: [ view_parse ] --END-- [ RunTime:0.008462s ]
INFO: [ view_filter ] --START--
INFO: Run ContentReplace Behavior [ RunTime:-0.011888s ]
INFO: Run TokenBuild Behavior [ RunTime:-0.012480s ]
INFO: Run WriteHtmlCache Behavior [ RunTime:-0.013059s ]
INFO: Run ShowRuntime Behavior [ RunTime:-0.013472s ]
INFO: [ view_filter ] --END-- [ RunTime:0.002178s ]
INFO: [ view_end ] --START--
INFO: Run ShowPageTrace Behavior [ RunTime:-0.014130s ]
INFO: [ view_end ] --END-- [ RunTime:0.000732s ]

[ 2014-04-30T09:55:14+08:00 ] 127.0.0.1 /index.php
INFO: [ app_begin ] --START--
INFO: Run ReadHtmlCache Behavior [ RunTime:0.000729s ]
INFO: [ app_begin ] --END-- [ RunTime:0.000808s ]
INFO: [ view_template ] --START--
INFO: Run LocationTemplate Behavior [ RunTime:-0.001950s ]
INFO: [ view_template ] --END-- [ RunTime:0.001013s ]
INFO: [ view_parse ] --START--
INFO: Run ParseTemplate Behavior [ RunTime:-0.002998s ]
INFO: [ view_parse ] --END-- [ RunTime:0.009059s ]
INFO: [ view_filter ] --START--
INFO: Run ContentReplace Behavior [ RunTime:-0.012088s ]
INFO: Run TokenBuild Behavior [ RunTime:-0.012611s ]
INFO: Run WriteHtmlCache Behavior [ RunTime:-0.013151s ]
INFO: Run ShowRuntime Behavior [ RunTime:-0.013557s ]
INFO: [ view_filter ] --END-- [ RunTime:0.002056s ]
INFO: [ view_end ] --START--
INFO: Run ShowPageTrace Behavior [ RunTime:-0.014201s ]
INFO: [ view_end ] --END-- [ RunTime:0.000685s ]

[ 2014-04-30T09:57:20+08:00 ] 127.0.0.1 /index.php
INFO: [ app_begin ] --START--
INFO: Run ReadHtmlCache Behavior [ RunTime:0.000722s ]
INFO: [ app_begin ] --END-- [ RunTime:0.000799s ]
INFO: [ view_template ] --START--
INFO: Run LocationTemplate Behavior [ RunTime:-0.002007s ]
INFO: [ view_template ] --END-- [ RunTime:0.001355s ]
INFO: [ view_parse ] --START--
INFO: Run ParseTemplate Behavior [ RunTime:-0.003430s ]
INFO: [ view_parse ] --END-- [ RunTime:0.007915s ]
INFO: [ view_filter ] --START--
INFO: Run ContentReplace Behavior [ RunTime:-0.011360s ]
INFO: Run TokenBuild Behavior [ RunTime:-0.011922s ]
INFO: Run WriteHtmlCache Behavior [ RunTime:-0.012510s ]
INFO: Run ShowRuntime Behavior [ RunTime:-0.012919s ]
INFO: [ view_filter ] --END-- [ RunTime:0.002135s ]
INFO: [ view_end ] --START--
INFO: Run ShowPageTrace Behavior [ RunTime:-0.013556s ]
INFO: [ view_end ] --END-- [ RunTime:0.000679s ]

[ 2014-04-30T09:57:56+08:00 ] 127.0.0.1 /index.php
INFO: [ app_begin ] --START--
INFO: Run ReadHtmlCache Behavior [ RunTime:0.000768s ]
INFO: [ app_begin ] --END-- [ RunTime:0.000875s ]
INFO: [ view_template ] --START--
INFO: Run LocationTemplate Behavior [ RunTime:-0.002586s ]
INFO: [ view_template ] --END-- [ RunTime:0.000642s ]
INFO: [ view_parse ] --START--
INFO: Run ParseTemplate Behavior [ RunTime:-0.003260s ]
INFO: [ view_parse ] --END-- [ RunTime:0.007006s ]
INFO: [ view_filter ] --START--
INFO: Run ContentReplace Behavior [ RunTime:-0.010291s ]
INFO: Run TokenBuild Behavior [ RunTime:-0.010684s ]
INFO: Run WriteHtmlCache Behavior [ RunTime:-0.011105s ]
INFO: Run ShowRuntime Behavior [ RunTime:-0.011395s ]
INFO: [ view_filter ] --END-- [ RunTime:0.001612s ]
INFO: [ view_end ] --START--
INFO: Run ShowPageTrace Behavior [ RunTime:-0.011963s ]
INFO: [ view_end ] --END-- [ RunTime:0.000563s ]

[ 2014-04-30T09:58:25+08:00 ] 127.0.0.1 /index.php
INFO: [ app_begin ] --START--
INFO: Run ReadHtmlCache Behavior [ RunTime:0.000525s ]
INFO: [ app_begin ] --END-- [ RunTime:0.000604s ]
INFO: [ view_template ] --START--
INFO: Run LocationTemplate Behavior [ RunTime:-0.001519s ]
INFO: [ view_template ] --END-- [ RunTime:0.000530s ]
INFO: [ view_parse ] --START--
INFO: Run ParseTemplate Behavior [ RunTime:-0.002079s ]
INFO: [ view_parse ] --END-- [ RunTime:0.007161s ]
INFO: [ view_filter ] --START--
INFO: Run ContentReplace Behavior [ RunTime:-0.009273s ]
INFO: Run TokenBuild Behavior [ RunTime:-0.009673s ]
INFO: Run WriteHtmlCache Behavior [ RunTime:-0.010100s ]
INFO: Run ShowRuntime Behavior [ RunTime:-0.010390s ]
INFO: [ view_filter ] --END-- [ RunTime:0.001573s ]
INFO: [ view_end ] --START--
INFO: Run ShowPageTrace Behavior [ RunTime:-0.010904s ]
INFO: [ view_end ] --END-- [ RunTime:0.000563s ]

[ 2014-04-30T09:59:27+08:00 ] 127.0.0.1 /index.php
INFO: [ app_begin ] --START--
INFO: Run ReadHtmlCache Behavior [ RunTime:0.000718s ]
INFO: [ app_begin ] --END-- [ RunTime:0.000797s ]
INFO: [ view_template ] --START--
INFO: Run LocationTemplate Behavior [ RunTime:-0.001918s ]
INFO: [ view_template ] --END-- [ RunTime:0.000937s ]
INFO: [ view_parse ] --START--
INFO: Run ParseTemplate Behavior [ RunTime:-0.002889s ]
INFO: [ view_parse ] --END-- [ RunTime:0.008046s ]
INFO: [ view_filter ] --START--
INFO: Run ContentReplace Behavior [ RunTime:-0.010968s ]
INFO: Run TokenBuild Behavior [ RunTime:-0.011488s ]
INFO: Run WriteHtmlCache Behavior [ RunTime:-0.012067s ]
INFO: Run ShowRuntime Behavior [ RunTime:-0.012528s ]
INFO: [ view_filter ] --END-- [ RunTime:0.002131s ]
INFO: [ view_end ] --START--
INFO: Run ShowPageTrace Behavior [ RunTime:-0.013157s ]
INFO: [ view_end ] --END-- [ RunTime:0.000674s ]

[ 2014-04-30T09:59:41+08:00 ] 127.0.0.1 /index.php
INFO: [ app_begin ] --START--
INFO: Run ReadHtmlCache Behavior [ RunTime:0.000558s ]
INFO: [ app_begin ] --END-- [ RunTime:0.000632s ]
INFO: [ view_template ] --START--
INFO: Run LocationTemplate Behavior [ RunTime:-0.001278s ]
INFO: [ view_template ] --END-- [ RunTime:0.000494s ]
INFO: [ view_parse ] --START--
INFO: Run ParseTemplate Behavior [ RunTime:-0.001806s ]
INFO: [ view_parse ] --END-- [ RunTime:0.037481s ]
INFO: [ view_filter ] --START--
INFO: Run ContentReplace Behavior [ RunTime:-0.039322s ]
INFO: Run TokenBuild Behavior [ RunTime:-0.039771s ]
INFO: Run WriteHtmlCache Behavior [ RunTime:-0.040213s ]
INFO: Run ShowRuntime Behavior [ RunTime:-0.040504s ]
INFO: [ view_filter ] --END-- [ RunTime:0.001650s ]
INFO: [ view_end ] --START--
INFO: Run ShowPageTrace Behavior [ RunTime:-0.041032s ]
INFO: [ view_end ] --END-- [ RunTime:0.000647s ]

[ 2014-04-30T09:59:50+08:00 ] 127.0.0.1 /index.php
INFO: [ app_begin ] --START--
INFO: Run ReadHtmlCache Behavior [ RunTime:0.000571s ]
INFO: [ app_begin ] --END-- [ RunTime:0.000646s ]
INFO: [ view_template ] --START--
INFO: Run LocationTemplate Behavior [ RunTime:-0.001358s ]
INFO: [ view_template ] --END-- [ RunTime:0.000480s ]
INFO: [ view_parse ] --START--
INFO: Run ParseTemplate Behavior [ RunTime:-0.001871s ]
INFO: [ view_parse ] --END-- [ RunTime:0.007134s ]
INFO: [ view_filter ] --START--
INFO: Run ContentReplace Behavior [ RunTime:-0.009038s ]
INFO: Run TokenBuild Behavior [ RunTime:-0.009449s ]
INFO: Run WriteHtmlCache Behavior [ RunTime:-0.009979s ]
INFO: Run ShowRuntime Behavior [ RunTime:-0.010274s ]
INFO: [ view_filter ] --END-- [ RunTime:0.002280s ]
INFO: [ view_end ] --START--
INFO: Run ShowPageTrace Behavior [ RunTime:-0.011386s ]
INFO: [ view_end ] --END-- [ RunTime:0.000596s ]

[ 2014-04-30T10:00:27+08:00 ] 127.0.0.1 /index.php
INFO: [ app_begin ] --START--
INFO: Run ReadHtmlCache Behavior [ RunTime:0.000569s ]
INFO: [ app_begin ] --END-- [ RunTime:0.000646s ]
INFO: [ view_template ] --START--
INFO: Run LocationTemplate Behavior [ RunTime:-0.001751s ]
INFO: [ view_template ] --END-- [ RunTime:0.001083s ]
INFO: [ view_parse ] --START--
INFO: Run ParseTemplate Behavior [ RunTime:-0.002868s ]
INFO: [ view_parse ] --END-- [ RunTime:0.007243s ]
INFO: [ view_filter ] --START--
INFO: Run ContentReplace Behavior [ RunTime:-0.010144s ]
INFO: Run TokenBuild Behavior [ RunTime:-0.010547s ]
INFO: Run WriteHtmlCache Behavior [ RunTime:-0.010977s ]
INFO: Run ShowRuntime Behavior [ RunTime:-0.011417s ]
INFO: [ view_filter ] --END-- [ RunTime:0.001731s ]
INFO: [ view_end ] --START--
INFO: Run ShowPageTrace Behavior [ RunTime:-0.011935s ]
INFO: [ view_end ] --END-- [ RunTime:0.000565s ]

[ 2014-04-30T10:02:42+08:00 ] 127.0.0.1 /index.php
INFO: [ app_begin ] --START--
INFO: Run ReadHtmlCache Behavior [ RunTime:0.000754s ]
INFO: [ app_begin ] --END-- [ RunTime:0.000831s ]
INFO: [ view_template ] --START--
INFO: Run LocationTemplate Behavior [ RunTime:-0.002132s ]
INFO: [ view_template ] --END-- [ RunTime:0.000939s ]
INFO: [ view_parse ] --START--
INFO: Run ParseTemplate Behavior [ RunTime:-0.003102s ]
INFO: [ view_parse ] --END-- [ RunTime:0.008310s ]
INFO: [ view_filter ] --START--
INFO: Run ContentReplace Behavior [ RunTime:-0.011446s ]
INFO: Run TokenBuild Behavior [ RunTime:-0.012011s ]
INFO: Run WriteHtmlCache Behavior [ RunTime:-0.012553s ]
INFO: Run ShowRuntime Behavior [ RunTime:-0.013004s ]
INFO: [ view_filter ] --END-- [ RunTime:0.002128s ]
INFO: [ view_end ] --START--
INFO: Run ShowPageTrace Behavior [ RunTime:-0.013633s ]
INFO: [ view_end ] --END-- [ RunTime:0.000743s ]

[ 2014-04-30T10:03:05+08:00 ] 127.0.0.1 /index.php
INFO: [ app_begin ] --START--
INFO: Run ReadHtmlCache Behavior [ RunTime:0.000713s ]
INFO: [ app_begin ] --END-- [ RunTime:0.000810s ]
INFO: [ view_template ] --START--
INFO: Run LocationTemplate Behavior [ RunTime:-0.001969s ]
INFO: [ view_template ] --END-- [ RunTime:0.000617s ]
INFO: [ view_parse ] --START--
INFO: Run ParseTemplate Behavior [ RunTime:-0.002633s ]
INFO: [ view_parse ] --END-- [ RunTime:0.007942s ]
INFO: [ view_filter ] --START--
INFO: Run ContentReplace Behavior [ RunTime:-0.010599s ]
INFO: Run TokenBuild Behavior [ RunTime:-0.010994s ]
INFO: Run WriteHtmlCache Behavior [ RunTime:-0.011403s ]
INFO: Run ShowRuntime Behavior [ RunTime:-0.011721s ]
INFO: [ view_filter ] --END-- [ RunTime:0.001578s ]
INFO: [ view_end ] --START--
INFO: Run ShowPageTrace Behavior [ RunTime:-0.012235s ]
INFO: [ view_end ] --END-- [ RunTime:0.000598s ]

[ 2014-04-30T10:03:41+08:00 ] 127.0.0.1 /index.php
INFO: [ app_begin ] --START--
INFO: Run ReadHtmlCache Behavior [ RunTime:0.000736s ]
INFO: [ app_begin ] --END-- [ RunTime:0.000815s ]
INFO: [ view_template ] --START--
INFO: Run LocationTemplate Behavior [ RunTime:-0.001315s ]
INFO: [ view_template ] --END-- [ RunTime:0.000435s ]
INFO: [ view_parse ] --START--
INFO: Run ParseTemplate Behavior [ RunTime:-0.001782s ]
INFO: [ view_parse ] --END-- [ RunTime:0.007335s ]
INFO: [ view_filter ] --START--
INFO: Run ContentReplace Behavior [ RunTime:-0.009221s ]
INFO: Run TokenBuild Behavior [ RunTime:-0.009720s ]
INFO: Run WriteHtmlCache Behavior [ RunTime:-0.010136s ]
INFO: Run ShowRuntime Behavior [ RunTime:-0.010419s ]
INFO: [ view_filter ] --END-- [ RunTime:0.001771s ]
INFO: [ view_end ] --START--
INFO: Run ShowPageTrace Behavior [ RunTime:-0.010984s ]
INFO: [ view_end ] --END-- [ RunTime:0.000613s ]

[ 2014-04-30T10:04:48+08:00 ] 127.0.0.1 /index.php
INFO: [ app_begin ] --START--
INFO: Run ReadHtmlCache Behavior [ RunTime:0.000923s ]
INFO: [ app_begin ] --END-- [ RunTime:0.001001s ]
INFO: [ view_template ] --START--
INFO: Run LocationTemplate Behavior [ RunTime:-0.002346s ]
INFO: [ view_template ] --END-- [ RunTime:0.001356s ]
INFO: [ view_parse ] --START--
INFO: Run ParseTemplate Behavior [ RunTime:-0.003561s ]
INFO: [ view_parse ] --END-- [ RunTime:0.007847s ]
INFO: [ view_filter ] --START--
INFO: Run ContentReplace Behavior [ RunTime:-0.011439s ]
INFO: Run TokenBuild Behavior [ RunTime:-0.011953s ]
INFO: Run WriteHtmlCache Behavior [ RunTime:-0.012479s ]
INFO: Run ShowRuntime Behavior [ RunTime:-0.012874s ]
INFO: [ view_filter ] --END-- [ RunTime:0.002028s ]
INFO: [ view_end ] --START--
INFO: Run ShowPageTrace Behavior [ RunTime:-0.013528s ]
INFO: [ view_end ] --END-- [ RunTime:0.000730s ]

[ 2014-04-30T10:05:22+08:00 ] 127.0.0.1 /index.php
INFO: [ app_begin ] --START--
INFO: Run ReadHtmlCache Behavior [ RunTime:0.000697s ]
INFO: [ app_begin ] --END-- [ RunTime:0.000771s ]
INFO: [ view_template ] --START--
INFO: Run LocationTemplate Behavior [ RunTime:-0.002891s ]
INFO: [ view_template ] --END-- [ RunTime:0.000972s ]
INFO: [ view_parse ] --START--
INFO: Run ParseTemplate Behavior [ RunTime:-0.003894s ]
INFO: [ view_parse ] --END-- [ RunTime:0.008093s ]
INFO: [ view_filter ] --START--
INFO: Run ContentReplace Behavior [ RunTime:-0.012019s ]
INFO: Run TokenBuild Behavior [ RunTime:-0.012532s ]
INFO: Run WriteHtmlCache Behavior [ RunTime:-0.013060s ]
INFO: Run ShowRuntime Behavior [ RunTime:-0.013453s ]
INFO: [ view_filter ] --END-- [ RunTime:0.002023s ]
INFO: [ view_end ] --START--
INFO: Run ShowPageTrace Behavior [ RunTime:-0.014098s ]
INFO: [ view_end ] --END-- [ RunTime:0.000674s ]

[ 2014-04-30T10:06:02+08:00 ] 127.0.0.1 /index.php
INFO: [ app_begin ] --START--
INFO: Run ReadHtmlCache Behavior [ RunTime:0.000735s ]
INFO: [ app_begin ] --END-- [ RunTime:0.000811s ]
INFO: [ view_template ] --START--
INFO: Run LocationTemplate Behavior [ RunTime:-0.001898s ]
INFO: [ view_template ] --END-- [ RunTime:0.000925s ]
INFO: [ view_parse ] --START--
INFO: Run ParseTemplate Behavior [ RunTime:-0.002859s ]
INFO: [ view_parse ] --END-- [ RunTime:0.007818s ]
INFO: [ view_filter ] --START--
INFO: Run ContentReplace Behavior [ RunTime:-0.010708s ]
INFO: Run TokenBuild Behavior [ RunTime:-0.011220s ]
INFO: Run WriteHtmlCache Behavior [ RunTime:-0.011746s ]
INFO: Run ShowRuntime Behavior [ RunTime:-0.012139s ]
INFO: [ view_filter ] --END-- [ RunTime:0.002000s ]
INFO: [ view_end ] --START--
INFO: Run ShowPageTrace Behavior [ RunTime:-0.012766s ]
INFO: [ view_end ] --END-- [ RunTime:0.000675s ]

[ 2014-04-30T10:08:21+08:00 ] 127.0.0.1 /index.php
INFO: [ app_begin ] --START--
INFO: Run ReadHtmlCache Behavior [ RunTime:0.000792s ]
INFO: [ app_begin ] --END-- [ RunTime:0.000878s ]
INFO: [ view_template ] --START--
INFO: Run LocationTemplate Behavior [ RunTime:-0.002096s ]
INFO: [ view_template ] --END-- [ RunTime:0.000940s ]
INFO: [ view_parse ] --START--
INFO: Run ParseTemplate Behavior [ RunTime:-0.003069s ]
INFO: [ view_parse ] --END-- [ RunTime:0.008218s ]
INFO: [ view_filter ] --START--
INFO: Run ContentReplace Behavior [ RunTime:-0.011319s ]
INFO: Run TokenBuild Behavior [ RunTime:-0.011831s ]
INFO: Run WriteHtmlCache Behavior [ RunTime:-0.012371s ]
INFO: Run ShowRuntime Behavior [ RunTime:-0.012783s ]
INFO: [ view_filter ] --END-- [ RunTime:0.002037s ]
INFO: [ view_end ] --START--
INFO: Run ShowPageTrace Behavior [ RunTime:-0.013413s ]
INFO: [ view_end ] --END-- [ RunTime:0.000677s ]

[ 2014-04-30T10:09:50+08:00 ] 127.0.0.1 /index.php
INFO: [ app_begin ] --START--
INFO: Run ReadHtmlCache Behavior [ RunTime:0.000805s ]
INFO: [ app_begin ] --END-- [ RunTime:0.000897s ]
INFO: [ view_template ] --START--
INFO: Run LocationTemplate Behavior [ RunTime:-0.002222s ]
INFO: [ view_template ] --END-- [ RunTime:0.000975s ]
INFO: [ view_parse ] --START--
INFO: Run ParseTemplate Behavior [ RunTime:-0.003227s ]
INFO: [ view_parse ] --END-- [ RunTime:0.008367s ]
INFO: [ view_filter ] --START--
INFO: Run ContentReplace Behavior [ RunTime:-0.011632s ]
INFO: Run TokenBuild Behavior [ RunTime:-0.012227s ]
INFO: Run WriteHtmlCache Behavior [ RunTime:-0.012854s ]
INFO: Run ShowRuntime Behavior [ RunTime:-0.013279s ]
INFO: [ view_filter ] --END-- [ RunTime:0.002257s ]
INFO: [ view_end ] --START--
INFO: Run ShowPageTrace Behavior [ RunTime:-0.013957s ]
INFO: [ view_end ] --END-- [ RunTime:0.000856s ]

[ 2014-04-30T10:11:08+08:00 ] 127.0.0.1 /index.php
INFO: [ app_begin ] --START--
INFO: Run ReadHtmlCache Behavior [ RunTime:0.000784s ]
INFO: [ app_begin ] --END-- [ RunTime:0.000860s ]
INFO: [ view_template ] --START--
INFO: Run LocationTemplate Behavior [ RunTime:-0.001907s ]
INFO: [ view_template ] --END-- [ RunTime:0.000930s ]
INFO: [ view_parse ] --START--
INFO: Run ParseTemplate Behavior [ RunTime:-0.002872s ]
INFO: [ view_parse ] --END-- [ RunTime:0.008131s ]
INFO: [ view_filter ] --START--
INFO: Run ContentReplace Behavior [ RunTime:-0.011039s ]
INFO: Run TokenBuild Behavior [ RunTime:-0.011557s ]
INFO: Run WriteHtmlCache Behavior [ RunTime:-0.012091s ]
INFO: Run ShowRuntime Behavior [ RunTime:-0.012484s ]
INFO: [ view_filter ] --END-- [ RunTime:0.002015s ]
INFO: [ view_end ] --START--
INFO: Run ShowPageTrace Behavior [ RunTime:-0.013113s ]
INFO: [ view_end ] --END-- [ RunTime:0.000673s ]

[ 2014-04-30T10:11:40+08:00 ] 127.0.0.1 /index.php
INFO: [ app_begin ] --START--
INFO: Run ReadHtmlCache Behavior [ RunTime:0.000558s ]
INFO: [ app_begin ] --END-- [ RunTime:0.000643s ]
INFO: [ view_template ] --START--
INFO: Run LocationTemplate Behavior [ RunTime:-0.001408s ]
INFO: [ view_template ] --END-- [ RunTime:0.000467s ]
INFO: [ view_parse ] --START--
INFO: Run ParseTemplate Behavior [ RunTime:-0.001906s ]
INFO: [ view_parse ] --END-- [ RunTime:0.008318s ]
INFO: [ view_filter ] --START--
INFO: Run ContentReplace Behavior [ RunTime:-0.010265s ]
INFO: Run TokenBuild Behavior [ RunTime:-0.010748s ]
INFO: Run WriteHtmlCache Behavior [ RunTime:-0.011189s ]
INFO: Run ShowRuntime Behavior [ RunTime:-0.011555s ]
INFO: [ view_filter ] --END-- [ RunTime:0.001761s ]
INFO: [ view_end ] --START--
INFO: Run ShowPageTrace Behavior [ RunTime:-0.012088s ]
INFO: [ view_end ] --END-- [ RunTime:0.000577s ]

[ 2014-04-30T10:12:15+08:00 ] 127.0.0.1 /index.php
INFO: [ app_begin ] --START--
INFO: Run ReadHtmlCache Behavior [ RunTime:0.000700s ]
INFO: [ app_begin ] --END-- [ RunTime:0.000773s ]
INFO: [ view_template ] --START--
INFO: Run LocationTemplate Behavior [ RunTime:-0.002011s ]
INFO: [ view_template ] --END-- [ RunTime:0.000927s ]
INFO: [ view_parse ] --START--
INFO: Run ParseTemplate Behavior [ RunTime:-0.002967s ]
INFO: [ view_parse ] --END-- [ RunTime:0.007917s ]
INFO: [ view_filter ] --START--
INFO: Run ContentReplace Behavior [ RunTime:-0.010919s ]
INFO: Run TokenBuild Behavior [ RunTime:-0.011443s ]
INFO: Run WriteHtmlCache Behavior [ RunTime:-0.011969s ]
INFO: Run ShowRuntime Behavior [ RunTime:-0.012359s ]
INFO: [ view_filter ] --END-- [ RunTime:0.002006s ]
INFO: [ view_end ] --START--
INFO: Run ShowPageTrace Behavior [ RunTime:-0.012985s ]
INFO: [ view_end ] --END-- [ RunTime:0.000674s ]

[ 2014-04-30T10:12:58+08:00 ] 127.0.0.1 /index.php
INFO: [ app_begin ] --START--
INFO: Run ReadHtmlCache Behavior [ RunTime:0.000556s ]
INFO: [ app_begin ] --END-- [ RunTime:0.000639s ]
INFO: [ view_template ] --START--
INFO: Run LocationTemplate Behavior [ RunTime:-0.001418s ]
INFO: [ view_template ] --END-- [ RunTime:0.000488s ]
INFO: [ view_parse ] --START--
INFO: Run ParseTemplate Behavior [ RunTime:-0.001935s ]
INFO: [ view_parse ] --END-- [ RunTime:0.009403s ]
INFO: [ view_filter ] --START--
INFO: Run ContentReplace Behavior [ RunTime:-0.011377s ]
INFO: Run TokenBuild Behavior [ RunTime:-0.011855s ]
INFO: Run WriteHtmlCache Behavior [ RunTime:-0.012322s ]
INFO: Run ShowRuntime Behavior [ RunTime:-0.012620s ]
INFO: [ view_filter ] --END-- [ RunTime:0.001714s ]
INFO: [ view_end ] --START--
INFO: Run ShowPageTrace Behavior [ RunTime:-0.013152s ]
INFO: [ view_end ] --END-- [ RunTime:0.000575s ]

[ 2014-04-30T10:14:44+08:00 ] 127.0.0.1 /index.php
INFO: [ app_begin ] --START--
INFO: Run ReadHtmlCache Behavior [ RunTime:0.000788s ]
INFO: [ app_begin ] --END-- [ RunTime:0.000870s ]
INFO: [ view_template ] --START--
INFO: Run LocationTemplate Behavior [ RunTime:-0.002210s ]
INFO: [ view_template ] --END-- [ RunTime:0.000953s ]
INFO: [ view_parse ] --START--
INFO: Run ParseTemplate Behavior [ RunTime:-0.003194s ]
INFO: [ view_parse ] --END-- [ RunTime:0.008494s ]
INFO: [ view_filter ] --START--
INFO: Run ContentReplace Behavior [ RunTime:-0.011726s ]
INFO: Run TokenBuild Behavior [ RunTime:-0.012286s ]
INFO: Run WriteHtmlCache Behavior [ RunTime:-0.012825s ]
INFO: Run ShowRuntime Behavior [ RunTime:-0.013227s ]
INFO: [ view_filter ] --END-- [ RunTime:0.002089s ]
INFO: [ view_end ] --START--
INFO: Run ShowPageTrace Behavior [ RunTime:-0.013875s ]
INFO: [ view_end ] --END-- [ RunTime:0.000682s ]

[ 2014-04-30T10:15:13+08:00 ] 127.0.0.1 /index.php
INFO: [ app_begin ] --START--
INFO: Run ReadHtmlCache Behavior [ RunTime:0.000558s ]
INFO: [ app_begin ] --END-- [ RunTime:0.000638s ]
INFO: [ view_template ] --START--
INFO: Run LocationTemplate Behavior [ RunTime:-0.001339s ]
INFO: [ view_template ] --END-- [ RunTime:0.000455s ]
INFO: [ view_parse ] --START--
INFO: Run ParseTemplate Behavior [ RunTime:-0.001828s ]
INFO: [ view_parse ] --END-- [ RunTime:0.007587s ]
INFO: [ view_filter ] --START--
INFO: Run ContentReplace Behavior [ RunTime:-0.009452s ]
INFO: Run TokenBuild Behavior [ RunTime:-0.009886s ]
INFO: Run WriteHtmlCache Behavior [ RunTime:-0.010306s ]
INFO: Run ShowRuntime Behavior [ RunTime:-0.010590s ]
INFO: [ view_filter ] --END-- [ RunTime:0.001818s ]
INFO: [ view_end ] --START--
INFO: Run ShowPageTrace Behavior [ RunTime:-0.011330s ]
INFO: [ view_end ] --END-- [ RunTime:0.000578s ]

[ 2014-04-30T10:16:03+08:00 ] 127.0.0.1 /index.php
INFO: [ app_begin ] --START--
INFO: Run ReadHtmlCache Behavior [ RunTime:0.000511s ]
INFO: [ app_begin ] --END-- [ RunTime:0.000584s ]
INFO: [ view_template ] --START--
INFO: Run LocationTemplate Behavior [ RunTime:-0.001282s ]
INFO: [ view_template ] --END-- [ RunTime:0.000432s ]
INFO: [ view_parse ] --START--
INFO: Run ParseTemplate Behavior [ RunTime:-0.001746s ]
INFO: [ view_parse ] --END-- [ RunTime:0.007544s ]
INFO: [ view_filter ] --START--
INFO: Run ContentReplace Behavior [ RunTime:-0.009328s ]
INFO: Run TokenBuild Behavior [ RunTime:-0.009748s ]
INFO: Run WriteHtmlCache Behavior [ RunTime:-0.010166s ]
INFO: Run ShowRuntime Behavior [ RunTime:-0.010448s ]
INFO: [ view_filter ] --END-- [ RunTime:0.001603s ]
INFO: [ view_end ] --START--
INFO: Run ShowPageTrace Behavior [ RunTime:-0.010989s ]
INFO: [ view_end ] --END-- [ RunTime:0.000562s ]

[ 2014-04-30T10:16:27+08:00 ] 127.0.0.1 /index.php
INFO: [ app_begin ] --START--
INFO: Run ReadHtmlCache Behavior [ RunTime:0.000496s ]
INFO: [ app_begin ] --END-- [ RunTime:0.000568s ]
INFO: [ view_template ] --START--
INFO: Run LocationTemplate Behavior [ RunTime:-0.001279s ]
INFO: [ view_template ] --END-- [ RunTime:0.000429s ]
INFO: [ view_parse ] --START--
INFO: Run ParseTemplate Behavior [ RunTime:-0.001740s ]
INFO: [ view_parse ] --END-- [ RunTime:0.007283s ]
INFO: [ view_filter ] --START--
INFO: Run ContentReplace Behavior [ RunTime:-0.009060s ]
INFO: Run TokenBuild Behavior [ RunTime:-0.009475s ]
INFO: Run WriteHtmlCache Behavior [ RunTime:-0.009891s ]
INFO: Run ShowRuntime Behavior [ RunTime:-0.010172s ]
INFO: [ view_filter ] --END-- [ RunTime:0.001572s ]
INFO: [ view_end ] --START--
INFO: Run ShowPageTrace Behavior [ RunTime:-0.010689s ]
INFO: [ view_end ] --END-- [ RunTime:0.000567s ]

[ 2014-04-30T10:17:18+08:00 ] 127.0.0.1 /index.php
INFO: [ app_begin ] --START--
INFO: Run ReadHtmlCache Behavior [ RunTime:0.000762s ]
INFO: [ app_begin ] --END-- [ RunTime:0.000837s ]
INFO: [ view_template ] --START--
INFO: Run LocationTemplate Behavior [ RunTime:-0.001891s ]
INFO: [ view_template ] --END-- [ RunTime:0.001010s ]
INFO: [ view_parse ] --START--
INFO: Run ParseTemplate Behavior [ RunTime:-0.002935s ]
INFO: [ view_parse ] --END-- [ RunTime:0.008388s ]
INFO: [ view_filter ] --START--
INFO: Run ContentReplace Behavior [ RunTime:-0.011356s ]
INFO: Run TokenBuild Behavior [ RunTime:-0.011910s ]
INFO: Run WriteHtmlCache Behavior [ RunTime:-0.012430s ]
INFO: Run ShowRuntime Behavior [ RunTime:-0.013014s ]
INFO: [ view_filter ] --END-- [ RunTime:0.002240s ]
INFO: [ view_end ] --START--
INFO: Run ShowPageTrace Behavior [ RunTime:-0.013653s ]
INFO: [ view_end ] --END-- [ RunTime:0.001610s ]

[ 2014-04-30T10:18:07+08:00 ] 127.0.0.1 /index.php
INFO: [ app_begin ] --START--
INFO: Run ReadHtmlCache Behavior [ RunTime:0.000523s ]
INFO: [ app_begin ] --END-- [ RunTime:0.000602s ]
INFO: [ view_template ] --START--
INFO: Run LocationTemplate Behavior [ RunTime:-0.001995s ]
INFO: [ view_template ] --END-- [ RunTime:0.000604s ]
INFO: [ view_parse ] --START--
INFO: Run ParseTemplate Behavior [ RunTime:-0.002619s ]
INFO: [ view_parse ] --END-- [ RunTime:0.020968s ]
INFO: [ view_filter ] --START--
INFO: Run ContentReplace Behavior [ RunTime:-0.023624s ]
INFO: Run TokenBuild Behavior [ RunTime:-0.024069s ]
INFO: Run WriteHtmlCache Behavior [ RunTime:-0.024492s ]
INFO: Run ShowRuntime Behavior [ RunTime:-0.024775s ]
INFO: [ view_filter ] --END-- [ RunTime:0.001679s ]
INFO: [ view_end ] --START--
INFO: Run ShowPageTrace Behavior [ RunTime:-0.025364s ]
INFO: [ view_end ] --END-- [ RunTime:0.000769s ]

[ 2014-04-30T10:18:15+08:00 ] 127.0.0.1 /index.php
INFO: [ app_begin ] --START--
INFO: Run ReadHtmlCache Behavior [ RunTime:0.000743s ]
INFO: [ app_begin ] --END-- [ RunTime:0.000821s ]
INFO: [ view_template ] --START--
INFO: Run LocationTemplate Behavior [ RunTime:-0.001913s ]
INFO: [ view_template ] --END-- [ RunTime:0.000930s ]
INFO: [ view_parse ] --START--
INFO: Run ParseTemplate Behavior [ RunTime:-0.002876s ]
INFO: [ view_parse ] --END-- [ RunTime:0.007759s ]
INFO: [ view_filter ] --START--
INFO: Run ContentReplace Behavior [ RunTime:-0.010667s ]
INFO: Run TokenBuild Behavior [ RunTime:-0.011173s ]
INFO: Run WriteHtmlCache Behavior [ RunTime:-0.011696s ]
INFO: Run ShowRuntime Behavior [ RunTime:-0.012088s ]
INFO: [ view_filter ] --END-- [ RunTime:0.002298s ]
INFO: [ view_end ] --START--
INFO: Run ShowPageTrace Behavior [ RunTime:-0.013024s ]
INFO: [ view_end ] --END-- [ RunTime:0.000696s ]

[ 2014-04-30T10:21:18+08:00 ] 127.0.0.1 /index.php
INFO: [ app_begin ] --START--
INFO: Run ReadHtmlCache Behavior [ RunTime:0.000755s ]
INFO: [ app_begin ] --END-- [ RunTime:0.000839s ]
INFO: [ view_template ] --START--
INFO: Run LocationTemplate Behavior [ RunTime:-0.001985s ]
INFO: [ view_template ] --END-- [ RunTime:0.000949s ]
INFO: [ view_parse ] --START--
INFO: Run ParseTemplate Behavior [ RunTime:-0.002968s ]
INFO: [ view_parse ] --END-- [ RunTime:0.009735s ]
INFO: [ view_filter ] --START--
INFO: Run ContentReplace Behavior [ RunTime:-0.012764s ]
INFO: Run TokenBuild Behavior [ RunTime:-0.013817s ]
INFO: Run WriteHtmlCache Behavior [ RunTime:-0.014367s ]
INFO: Run ShowRuntime Behavior [ RunTime:-0.014770s ]
INFO: [ view_filter ] --END-- [ RunTime:0.002591s ]
INFO: [ view_end ] --START--
INFO: Run ShowPageTrace Behavior [ RunTime:-0.015409s ]
INFO: [ view_end ] --END-- [ RunTime:0.000685s ]

[ 2014-04-30T10:23:01+08:00 ] 127.0.0.1 /index.php
INFO: [ app_begin ] --START--
INFO: Run ReadHtmlCache Behavior [ RunTime:0.000569s ]
INFO: [ app_begin ] --END-- [ RunTime:0.000653s ]
INFO: [ view_template ] --START--
INFO: Run LocationTemplate Behavior [ RunTime:-0.001330s ]
INFO: [ view_template ] --END-- [ RunTime:0.000431s ]
INFO: [ view_parse ] --START--
INFO: Run ParseTemplate Behavior [ RunTime:-0.001794s ]
INFO: [ view_parse ] --END-- [ RunTime:0.007093s ]
INFO: [ view_filter ] --START--
INFO: Run ContentReplace Behavior [ RunTime:-0.008921s ]
INFO: Run TokenBuild Behavior [ RunTime:-0.009337s ]
INFO: Run WriteHtmlCache Behavior [ RunTime:-0.009750s ]
INFO: Run ShowRuntime Behavior [ RunTime:-0.010033s ]
INFO: [ view_filter ] --END-- [ RunTime:0.001566s ]
INFO: [ view_end ] --START--
INFO: Run ShowPageTrace Behavior [ RunTime:-0.010541s ]
INFO: [ view_end ] --END-- [ RunTime:0.000563s ]

[ 2014-04-30T10:24:14+08:00 ] 127.0.0.1 /index.php
INFO: [ app_begin ] --START--
INFO: Run ReadHtmlCache Behavior [ RunTime:0.000809s ]
INFO: [ app_begin ] --END-- [ RunTime:0.000903s ]
INFO: [ view_template ] --START--
INFO: Run LocationTemplate Behavior [ RunTime:-0.002105s ]
INFO: [ view_template ] --END-- [ RunTime:0.001006s ]
INFO: [ view_parse ] --START--
INFO: Run ParseTemplate Behavior [ RunTime:-0.003146s ]
INFO: [ view_parse ] --END-- [ RunTime:0.008538s ]
INFO: [ view_filter ] --START--
INFO: Run ContentReplace Behavior [ RunTime:-0.011723s ]
INFO: Run TokenBuild Behavior [ RunTime:-0.012449s ]
INFO: Run WriteHtmlCache Behavior [ RunTime:-0.013053s ]
INFO: Run ShowRuntime Behavior [ RunTime:-0.013511s ]
INFO: [ view_filter ] --END-- [ RunTime:0.002521s ]
INFO: [ view_end ] --START--
INFO: Run ShowPageTrace Behavior [ RunTime:-0.014322s ]
INFO: [ view_end ] --END-- [ RunTime:0.000801s ]

[ 2014-04-30T10:24:53+08:00 ] 127.0.0.1 /index.php
INFO: [ app_begin ] --START--
INFO: Run ReadHtmlCache Behavior [ RunTime:0.000569s ]
INFO: [ app_begin ] --END-- [ RunTime:0.000662s ]
INFO: [ view_template ] --START--
INFO: Run LocationTemplate Behavior [ RunTime:-0.001932s ]
INFO: [ view_template ] --END-- [ RunTime:0.000671s ]
INFO: [ view_parse ] --START--
INFO: Run ParseTemplate Behavior [ RunTime:-0.002655s ]
INFO: [ view_parse ] --END-- [ RunTime:0.010957s ]
INFO: [ view_filter ] --START--
INFO: Run ContentReplace Behavior [ RunTime:-0.013636s ]
INFO: Run TokenBuild Behavior [ RunTime:-0.014049s ]
INFO: Run WriteHtmlCache Behavior [ RunTime:-0.014491s ]
INFO: Run ShowRuntime Behavior [ RunTime:-0.014776s ]
INFO: [ view_filter ] --END-- [ RunTime:0.001611s ]
INFO: [ view_end ] --START--
INFO: Run ShowPageTrace Behavior [ RunTime:-0.015301s ]
INFO: [ view_end ] --END-- [ RunTime:0.000569s ]

[ 2014-04-30T10:25:01+08:00 ] 127.0.0.1 /index.php
INFO: [ app_begin ] --START--
INFO: Run ReadHtmlCache Behavior [ RunTime:0.000703s ]
INFO: [ app_begin ] --END-- [ RunTime:0.000777s ]
INFO: [ view_template ] --START--
INFO: Run LocationTemplate Behavior [ RunTime:-0.001907s ]
INFO: [ view_template ] --END-- [ RunTime:0.000926s ]
INFO: [ view_parse ] --START--
INFO: Run ParseTemplate Behavior [ RunTime:-0.002861s ]
INFO: [ view_parse ] --END-- [ RunTime:0.007939s ]
INFO: [ view_filter ] --START--
INFO: Run ContentReplace Behavior [ RunTime:-0.010834s ]
INFO: Run TokenBuild Behavior [ RunTime:-0.011350s ]
INFO: Run WriteHtmlCache Behavior [ RunTime:-0.011879s ]
INFO: Run ShowRuntime Behavior [ RunTime:-0.012275s ]
INFO: [ view_filter ] --END-- [ RunTime:0.002007s ]
INFO: [ view_end ] --START--
INFO: Run ShowPageTrace Behavior [ RunTime:-0.012893s ]
INFO: [ view_end ] --END-- [ RunTime:0.000670s ]

[ 2014-04-30T10:26:14+08:00 ] 127.0.0.1 /index.php
INFO: [ app_begin ] --START--
INFO: Run ReadHtmlCache Behavior [ RunTime:0.000558s ]
INFO: [ app_begin ] --END-- [ RunTime:0.000639s ]
INFO: [ view_template ] --START--
INFO: Run LocationTemplate Behavior [ RunTime:-0.001352s ]
INFO: [ view_template ] --END-- [ RunTime:0.000442s ]
INFO: [ view_parse ] --START--
INFO: Run ParseTemplate Behavior [ RunTime:-0.001826s ]
INFO: [ view_parse ] --END-- [ RunTime:0.009415s ]
INFO: [ view_filter ] --START--
INFO: Run ContentReplace Behavior [ RunTime:-0.011280s ]
INFO: Run TokenBuild Behavior [ RunTime:-0.011727s ]
INFO: Run WriteHtmlCache Behavior [ RunTime:-0.012153s ]
INFO: Run ShowRuntime Behavior [ RunTime:-0.012439s ]
INFO: [ view_filter ] --END-- [ RunTime:0.001621s ]
INFO: [ view_end ] --START--
INFO: Run ShowPageTrace Behavior [ RunTime:-0.012957s ]
INFO: [ view_end ] --END-- [ RunTime:0.000570s ]

[ 2014-04-30T10:28:42+08:00 ] 127.0.0.1 /index.php
INFO: [ app_begin ] --START--
INFO: Run ReadHtmlCache Behavior [ RunTime:0.000745s ]
INFO: [ app_begin ] --END-- [ RunTime:0.000830s ]
INFO: [ view_template ] --START--
INFO: Run LocationTemplate Behavior [ RunTime:-0.001951s ]
INFO: [ view_template ] --END-- [ RunTime:0.000985s ]
INFO: [ view_parse ] --START--
INFO: Run ParseTemplate Behavior [ RunTime:-0.002972s ]
INFO: [ view_parse ] --END-- [ RunTime:0.008538s ]
INFO: [ view_filter ] --START--
INFO: Run ContentReplace Behavior [ RunTime:-0.011546s ]
INFO: Run TokenBuild Behavior [ RunTime:-0.012084s ]
INFO: Run WriteHtmlCache Behavior [ RunTime:-0.012617s ]
INFO: Run ShowRuntime Behavior [ RunTime:-0.013021s ]
INFO: [ view_filter ] --END-- [ RunTime:0.002047s ]
INFO: [ view_end ] --START--
INFO: Run ShowPageTrace Behavior [ RunTime:-0.013648s ]
INFO: [ view_end ] --END-- [ RunTime:0.000681s ]

[ 2014-04-30T10:29:03+08:00 ] 127.0.0.1 /index.php
INFO: [ app_begin ] --START--
INFO: Run ReadHtmlCache Behavior [ RunTime:0.001164s ]
INFO: [ app_begin ] --END-- [ RunTime:0.001282s ]
INFO: [ view_template ] --START--
INFO: Run LocationTemplate Behavior [ RunTime:-0.002258s ]
INFO: [ view_template ] --END-- [ RunTime:0.000944s ]
INFO: [ view_parse ] --START--
INFO: Run ParseTemplate Behavior [ RunTime:-0.003237s ]
INFO: [ view_parse ] --END-- [ RunTime:0.009405s ]
INFO: [ view_filter ] --START--
INFO: Run ContentReplace Behavior [ RunTime:-0.012683s ]
INFO: Run TokenBuild Behavior [ RunTime:-0.013262s ]
INFO: Run WriteHtmlCache Behavior [ RunTime:-0.013952s ]
INFO: Run ShowRuntime Behavior [ RunTime:-0.014395s ]
INFO: [ view_filter ] --END-- [ RunTime:0.002306s ]
INFO: [ view_end ] --START--
INFO: Run ShowPageTrace Behavior [ RunTime:-0.015048s ]
INFO: [ view_end ] --END-- [ RunTime:0.000708s ]

[ 2014-04-30T10:29:07+08:00 ] 127.0.0.1 /index.php
INFO: [ app_begin ] --START--
INFO: Run ReadHtmlCache Behavior [ RunTime:0.000758s ]
INFO: [ app_begin ] --END-- [ RunTime:0.000842s ]
INFO: [ view_template ] --START--
INFO: Run LocationTemplate Behavior [ RunTime:-0.001947s ]
INFO: [ view_template ] --END-- [ RunTime:0.000943s ]
INFO: [ view_parse ] --START--
INFO: Run ParseTemplate Behavior [ RunTime:-0.002923s ]
INFO: [ view_parse ] --END-- [ RunTime:0.008183s ]
INFO: [ view_filter ] --START--
INFO: Run ContentReplace Behavior [ RunTime:-0.011143s ]
INFO: Run TokenBuild Behavior [ RunTime:-0.011800s ]
INFO: Run WriteHtmlCache Behavior [ RunTime:-0.012521s ]
INFO: Run ShowRuntime Behavior [ RunTime:-0.012929s ]
INFO: [ view_filter ] --END-- [ RunTime:0.002365s ]
INFO: [ view_end ] --START--
INFO: Run ShowPageTrace Behavior [ RunTime:-0.013567s ]
INFO: [ view_end ] --END-- [ RunTime:0.000865s ]

[ 2014-04-30T10:29:51+08:00 ] 127.0.0.1 /index.php
INFO: [ app_begin ] --START--
INFO: Run ReadHtmlCache Behavior [ RunTime:0.000802s ]
INFO: [ app_begin ] --END-- [ RunTime:0.000894s ]
INFO: [ view_template ] --START--
INFO: Run LocationTemplate Behavior [ RunTime:-0.001925s ]
INFO: [ view_template ] --END-- [ RunTime:0.000936s ]
INFO: [ view_parse ] --START--
INFO: Run ParseTemplate Behavior [ RunTime:-0.002897s ]
INFO: [ view_parse ] --END-- [ RunTime:0.008283s ]
INFO: [ view_filter ] --START--
INFO: Run ContentReplace Behavior [ RunTime:-0.011214s ]
INFO: Run TokenBuild Behavior [ RunTime:-0.011769s ]
INFO: Run WriteHtmlCache Behavior [ RunTime:-0.012294s ]
INFO: Run ShowRuntime Behavior [ RunTime:-0.012689s ]
INFO: [ view_filter ] --END-- [ RunTime:0.002043s ]
INFO: [ view_end ] --START--
INFO: Run ShowPageTrace Behavior [ RunTime:-0.013311s ]
INFO: [ view_end ] --END-- [ RunTime:0.000673s ]

[ 2014-04-30T10:30:26+08:00 ] 127.0.0.1 /index.php
INFO: [ app_begin ] --START--
INFO: Run ReadHtmlCache Behavior [ RunTime:0.000874s ]
INFO: [ app_begin ] --END-- [ RunTime:0.001025s ]
INFO: [ view_template ] --START--
INFO: Run LocationTemplate Behavior [ RunTime:-0.002070s ]
INFO: [ view_template ] --END-- [ RunTime:0.000695s ]
INFO: [ view_parse ] --START--
INFO: Run ParseTemplate Behavior [ RunTime:-0.002815s ]
INFO: [ view_parse ] --END-- [ RunTime:0.007942s ]
INFO: [ view_filter ] --START--
INFO: Run ContentReplace Behavior [ RunTime:-0.010781s ]
INFO: Run TokenBuild Behavior [ RunTime:-0.011203s ]
INFO: Run WriteHtmlCache Behavior [ RunTime:-0.011625s ]
INFO: Run ShowRuntime Behavior [ RunTime:-0.011913s ]
INFO: [ view_filter ] --END-- [ RunTime:0.001602s ]
INFO: [ view_end ] --START--
INFO: Run ShowPageTrace Behavior [ RunTime:-0.012441s ]
INFO: [ view_end ] --END-- [ RunTime:0.001598s ]

[ 2014-04-30T10:30:49+08:00 ] 127.0.0.1 /index.php
INFO: [ app_begin ] --START--
INFO: Run ReadHtmlCache Behavior [ RunTime:0.000629s ]
INFO: [ app_begin ] --END-- [ RunTime:0.000718s ]
INFO: [ view_template ] --START--
INFO: Run LocationTemplate Behavior [ RunTime:-0.001796s ]
INFO: [ view_template ] --END-- [ RunTime:0.000558s ]
INFO: [ view_parse ] --START--
INFO: Run ParseTemplate Behavior [ RunTime:-0.002396s ]
INFO: [ view_parse ] --END-- [ RunTime:0.008045s ]
INFO: [ view_filter ] --START--
INFO: Run ContentReplace Behavior [ RunTime:-0.010472s ]
INFO: Run TokenBuild Behavior [ RunTime:-0.010911s ]
INFO: Run WriteHtmlCache Behavior [ RunTime:-0.011339s ]
INFO: Run ShowRuntime Behavior [ RunTime:-0.011774s ]
INFO: [ view_filter ] --END-- [ RunTime:0.001962s ]
INFO: [ view_end ] --START--
INFO: Run ShowPageTrace Behavior [ RunTime:-0.012528s ]
INFO: [ view_end ] --END-- [ RunTime:0.000808s ]

[ 2014-04-30T10:54:33+08:00 ] 127.0.0.1 /index.php
INFO: [ app_begin ] --START--
INFO: Run ReadHtmlCache Behavior [ RunTime:0.000708s ]
INFO: [ app_begin ] --END-- [ RunTime:0.000789s ]
INFO: [ view_template ] --START--
INFO: Run LocationTemplate Behavior [ RunTime:-0.001949s ]
INFO: [ view_template ] --END-- [ RunTime:0.000969s ]
INFO: [ view_parse ] --START--
INFO: Run ParseTemplate Behavior [ RunTime:-0.002950s ]
INFO: [ view_parse ] --END-- [ RunTime:0.008382s ]
INFO: [ view_filter ] --START--
INFO: Run ContentReplace Behavior [ RunTime:-0.011370s ]
INFO: Run TokenBuild Behavior [ RunTime:-0.011910s ]
INFO: Run WriteHtmlCache Behavior [ RunTime:-0.012443s ]
INFO: Run ShowRuntime Behavior [ RunTime:-0.012838s ]
INFO: [ view_filter ] --END-- [ RunTime:0.002059s ]
INFO: [ view_end ] --START--
INFO: Run ShowPageTrace Behavior [ RunTime:-0.013491s ]
INFO: [ view_end ] --END-- [ RunTime:0.000727s ]

[ 2014-04-30T10:54:47+08:00 ] 127.0.0.1 /index.php
INFO: [ app_begin ] --START--
INFO: Run ReadHtmlCache Behavior [ RunTime:0.000594s ]
INFO: [ app_begin ] --END-- [ RunTime:0.000720s ]
INFO: [ view_template ] --START--
INFO: Run LocationTemplate Behavior [ RunTime:-0.001367s ]
INFO: [ view_template ] --END-- [ RunTime:0.000580s ]
INFO: [ view_parse ] --START--
INFO: Run ParseTemplate Behavior [ RunTime:-0.002012s ]
INFO: [ view_parse ] --END-- [ RunTime:0.007802s ]
INFO: [ view_filter ] --START--
INFO: Run ContentReplace Behavior [ RunTime:-0.009830s ]
INFO: Run TokenBuild Behavior [ RunTime:-0.010274s ]
INFO: Run WriteHtmlCache Behavior [ RunTime:-0.010694s ]
INFO: Run ShowRuntime Behavior [ RunTime:-0.010977s ]
INFO: [ view_filter ] --END-- [ RunTime:0.001604s ]
INFO: [ view_end ] --START--
INFO: Run ShowPageTrace Behavior [ RunTime:-0.011492s ]
INFO: [ view_end ] --END-- [ RunTime:0.000561s ]

[ 2014-04-30T10:55:04+08:00 ] 127.0.0.1 /index.php
INFO: [ app_begin ] --START--
INFO: Run ReadHtmlCache Behavior [ RunTime:0.000635s ]
INFO: [ app_begin ] --END-- [ RunTime:0.000738s ]
INFO: [ view_template ] --START--
INFO: Run LocationTemplate Behavior [ RunTime:-0.001552s ]
INFO: [ view_template ] --END-- [ RunTime:0.000579s ]
INFO: [ view_parse ] --START--
INFO: Run ParseTemplate Behavior [ RunTime:-0.002166s ]
INFO: [ view_parse ] --END-- [ RunTime:0.007427s ]
INFO: [ view_filter ] --START--
INFO: Run ContentReplace Behavior [ RunTime:-0.009631s ]
INFO: Run TokenBuild Behavior [ RunTime:-0.010084s ]
INFO: Run WriteHtmlCache Behavior [ RunTime:-0.010588s ]
INFO: Run ShowRuntime Behavior [ RunTime:-0.010938s ]
INFO: [ view_filter ] --END-- [ RunTime:0.001783s ]
INFO: [ view_end ] --START--
INFO: Run ShowPageTrace Behavior [ RunTime:-0.011473s ]
INFO: [ view_end ] --END-- [ RunTime:0.000578s ]

[ 2014-04-30T10:55:22+08:00 ] 127.0.0.1 /index.php
INFO: [ app_begin ] --START--
INFO: Run ReadHtmlCache Behavior [ RunTime:0.000519s ]
INFO: [ app_begin ] --END-- [ RunTime:0.000599s ]
INFO: [ view_template ] --START--
INFO: Run LocationTemplate Behavior [ RunTime:-0.001464s ]
INFO: [ view_template ] --END-- [ RunTime:0.000439s ]
INFO: [ view_parse ] --START--
INFO: Run ParseTemplate Behavior [ RunTime:-0.001935s ]
INFO: [ view_parse ] --END-- [ RunTime:0.007014s ]
INFO: [ view_filter ] --START--
INFO: Run ContentReplace Behavior [ RunTime:-0.008981s ]
INFO: Run TokenBuild Behavior [ RunTime:-0.009380s ]
INFO: Run WriteHtmlCache Behavior [ RunTime:-0.009792s ]
INFO: Run ShowRuntime Behavior [ RunTime:-0.010073s ]
INFO: [ view_filter ] --END-- [ RunTime:0.001926s ]
INFO: [ view_end ] --START--
INFO: Run ShowPageTrace Behavior [ RunTime:-0.010962s ]
INFO: [ view_end ] --END-- [ RunTime:0.000562s ]

[ 2014-04-30T10:56:42+08:00 ] 127.0.0.1 /index.php
INFO: [ app_begin ] --START--
INFO: Run ReadHtmlCache Behavior [ RunTime:0.000747s ]
INFO: [ app_begin ] --END-- [ RunTime:0.000825s ]
INFO: [ view_template ] --START--
INFO: Run LocationTemplate Behavior [ RunTime:-0.001903s ]
INFO: [ view_template ] --END-- [ RunTime:0.000990s ]
INFO: [ view_parse ] --START--
INFO: Run ParseTemplate Behavior [ RunTime:-0.002955s ]
INFO: [ view_parse ] --END-- [ RunTime:0.008158s ]
INFO: [ view_filter ] --START--
INFO: Run ContentReplace Behavior [ RunTime:-0.011143s ]
INFO: Run TokenBuild Behavior [ RunTime:-0.011684s ]
INFO: Run WriteHtmlCache Behavior [ RunTime:-0.012221s ]
INFO: Run ShowRuntime Behavior [ RunTime:-0.012676s ]
INFO: [ view_filter ] --END-- [ RunTime:0.002134s ]
INFO: [ view_end ] --START--
INFO: Run ShowPageTrace Behavior [ RunTime:-0.013336s ]
INFO: [ view_end ] --END-- [ RunTime:0.000692s ]

[ 2014-04-30T10:59:04+08:00 ] 127.0.0.1 /index.php
INFO: [ app_begin ] --START--
INFO: Run ReadHtmlCache Behavior [ RunTime:0.000718s ]
INFO: [ app_begin ] --END-- [ RunTime:0.000798s ]
INFO: [ view_template ] --START--
INFO: Run LocationTemplate Behavior [ RunTime:-0.001971s ]
INFO: [ view_template ] --END-- [ RunTime:0.000974s ]
INFO: [ view_parse ] --START--
INFO: Run ParseTemplate Behavior [ RunTime:-0.002979s ]
INFO: [ view_parse ] --END-- [ RunTime:0.008223s ]
INFO: [ view_filter ] --START--
INFO: Run ContentReplace Behavior [ RunTime:-0.011237s ]
INFO: Run TokenBuild Behavior [ RunTime:-0.011797s ]
INFO: Run WriteHtmlCache Behavior [ RunTime:-0.012538s ]
INFO: Run ShowRuntime Behavior [ RunTime:-0.012943s ]
INFO: [ view_filter ] --END-- [ RunTime:0.002283s ]
INFO: [ view_end ] --START--
INFO: Run ShowPageTrace Behavior [ RunTime:-0.013583s ]
INFO: [ view_end ] --END-- [ RunTime:0.000693s ]

[ 2014-04-30T11:02:43+08:00 ] 127.0.0.1 /index.php
INFO: [ app_begin ] --START--
INFO: Run ReadHtmlCache Behavior [ RunTime:0.000717s ]
INFO: [ app_begin ] --END-- [ RunTime:0.000798s ]
INFO: [ view_template ] --START--
INFO: Run LocationTemplate Behavior [ RunTime:-0.001904s ]
INFO: [ view_template ] --END-- [ RunTime:0.000930s ]
INFO: [ view_parse ] --START--
INFO: Run ParseTemplate Behavior [ RunTime:-0.002868s ]
INFO: [ view_parse ] --END-- [ RunTime:0.008178s ]
INFO: [ view_filter ] --START--
INFO: Run ContentReplace Behavior [ RunTime:-0.011081s ]
INFO: Run TokenBuild Behavior [ RunTime:-0.011610s ]
INFO: Run WriteHtmlCache Behavior [ RunTime:-0.012143s ]
INFO: Run ShowRuntime Behavior [ RunTime:-0.012538s ]
INFO: [ view_filter ] --END-- [ RunTime:0.002031s ]
INFO: [ view_end ] --START--
INFO: Run ShowPageTrace Behavior [ RunTime:-0.013168s ]
INFO: [ view_end ] --END-- [ RunTime:0.000676s ]

[ 2014-04-30T11:04:04+08:00 ] 127.0.0.1 /index.php
INFO: [ app_begin ] --START--
INFO: Run ReadHtmlCache Behavior [ RunTime:0.000918s ]
INFO: [ app_begin ] --END-- [ RunTime:0.001000s ]
INFO: [ view_template ] --START--
INFO: Run LocationTemplate Behavior [ RunTime:-0.002248s ]
INFO: [ view_template ] --END-- [ RunTime:0.000939s ]
INFO: [ view_parse ] --START--
INFO: Run ParseTemplate Behavior [ RunTime:-0.003219s ]
INFO: [ view_parse ] --END-- [ RunTime:0.008624s ]
INFO: [ view_filter ] --START--
INFO: Run ContentReplace Behavior [ RunTime:-0.011879s ]
INFO: Run TokenBuild Behavior [ RunTime:-0.012427s ]
INFO: Run WriteHtmlCache Behavior [ RunTime:-0.012992s ]
INFO: Run ShowRuntime Behavior [ RunTime:-0.013395s ]
INFO: [ view_filter ] --END-- [ RunTime:0.002090s ]
INFO: [ view_end ] --START--
INFO: Run ShowPageTrace Behavior [ RunTime:-0.014027s ]
INFO: [ view_end ] --END-- [ RunTime:0.000678s ]

[ 2014-04-30T11:04:18+08:00 ] 127.0.0.1 /index.php
INFO: [ app_begin ] --START--
INFO: Run ReadHtmlCache Behavior [ RunTime:0.000705s ]
INFO: [ app_begin ] --END-- [ RunTime:0.000784s ]
INFO: [ view_template ] --START--
INFO: Run LocationTemplate Behavior [ RunTime:-0.001949s ]
INFO: [ view_template ] --END-- [ RunTime:0.000922s ]
INFO: [ view_parse ] --START--
INFO: Run ParseTemplate Behavior [ RunTime:-0.002904s ]
INFO: [ view_parse ] --END-- [ RunTime:0.008128s ]
INFO: [ view_filter ] --START--
INFO: Run ContentReplace Behavior [ RunTime:-0.011068s ]
INFO: Run TokenBuild Behavior [ RunTime:-0.011591s ]
INFO: Run WriteHtmlCache Behavior [ RunTime:-0.012162s ]
INFO: Run ShowRuntime Behavior [ RunTime:-0.012556s ]
INFO: [ view_filter ] --END-- [ RunTime:0.002058s ]
INFO: [ view_end ] --START--
INFO: Run ShowPageTrace Behavior [ RunTime:-0.013181s ]
INFO: [ view_end ] --END-- [ RunTime:0.000670s ]

[ 2014-04-30T11:04:32+08:00 ] 127.0.0.1 /index.php
INFO: [ app_begin ] --START--
INFO: Run ReadHtmlCache Behavior [ RunTime:0.000877s ]
INFO: [ app_begin ] --END-- [ RunTime:0.001014s ]
INFO: [ view_template ] --START--
INFO: Run LocationTemplate Behavior [ RunTime:-0.002026s ]
INFO: [ view_template ] --END-- [ RunTime:0.000976s ]
INFO: [ view_parse ] --START--
INFO: Run ParseTemplate Behavior [ RunTime:-0.003035s ]
INFO: [ view_parse ] --END-- [ RunTime:0.008454s ]
INFO: [ view_filter ] --START--
INFO: Run ContentReplace Behavior [ RunTime:-0.011524s ]
INFO: Run TokenBuild Behavior [ RunTime:-0.012096s ]
INFO: Run WriteHtmlCache Behavior [ RunTime:-0.012808s ]
INFO: Run ShowRuntime Behavior [ RunTime:-0.013224s ]
INFO: [ view_filter ] --END-- [ RunTime:0.002325s ]
INFO: [ view_end ] --START--
INFO: Run ShowPageTrace Behavior [ RunTime:-0.013906s ]
INFO: [ view_end ] --END-- [ RunTime:0.000728s ]

[ 2014-04-30T11:04:39+08:00 ] 127.0.0.1 /index.php
INFO: [ app_begin ] --START--
INFO: Run ReadHtmlCache Behavior [ RunTime:0.000519s ]
INFO: [ app_begin ] --END-- [ RunTime:0.000595s ]
INFO: [ view_template ] --START--
INFO: Run LocationTemplate Behavior [ RunTime:-0.001312s ]
INFO: [ view_template ] --END-- [ RunTime:0.000441s ]
INFO: [ view_parse ] --START--
INFO: Run ParseTemplate Behavior [ RunTime:-0.001785s ]
INFO: [ view_parse ] --END-- [ RunTime:0.008436s ]
INFO: [ view_filter ] --START--
INFO: Run ContentReplace Behavior [ RunTime:-0.010259s ]
INFO: Run TokenBuild Behavior [ RunTime:-0.010724s ]
INFO: Run WriteHtmlCache Behavior [ RunTime:-0.011166s ]
INFO: Run ShowRuntime Behavior [ RunTime:-0.011453s ]
INFO: [ view_filter ] --END-- [ RunTime:0.001661s ]
INFO: [ view_end ] --START--
INFO: Run ShowPageTrace Behavior [ RunTime:-0.011977s ]
INFO: [ view_end ] --END-- [ RunTime:0.000574s ]

[ 2014-04-30T11:05:16+08:00 ] 127.0.0.1 /index.php
INFO: [ app_begin ] --START--
INFO: Run ReadHtmlCache Behavior [ RunTime:0.000569s ]
INFO: [ app_begin ] --END-- [ RunTime:0.000648s ]
INFO: [ view_template ] --START--
INFO: Run LocationTemplate Behavior [ RunTime:-0.001329s ]
INFO: [ view_template ] --END-- [ RunTime:0.000437s ]
INFO: [ view_parse ] --START--
INFO: Run ParseTemplate Behavior [ RunTime:-0.001799s ]
INFO: [ view_parse ] --END-- [ RunTime:0.007109s ]
INFO: [ view_filter ] --START--
INFO: Run ContentReplace Behavior [ RunTime:-0.008940s ]
INFO: Run TokenBuild Behavior [ RunTime:-0.009346s ]
INFO: Run WriteHtmlCache Behavior [ RunTime:-0.009762s ]
INFO: Run ShowRuntime Behavior [ RunTime:-0.010043s ]
INFO: [ view_filter ] --END-- [ RunTime:0.001562s ]
INFO: [ view_end ] --START--
INFO: Run ShowPageTrace Behavior [ RunTime:-0.010558s ]
INFO: [ view_end ] --END-- [ RunTime:0.000772s ]

[ 2014-04-30T11:05:26+08:00 ] 127.0.0.1 /index.php?m=Users&a=index.php&g=User&m=Home&a=index
INFO: [ app_begin ] --START--
INFO: Run ReadHtmlCache Behavior [ RunTime:0.000525s ]
INFO: [ app_begin ] --END-- [ RunTime:0.000602s ]
SQL: SHOW COLUMNS FROM `tp_user_group` [ RunTime:0.005144s ]
SQL: SELECT * FROM `tp_user_group` WHERE ( `id` = 4 ) LIMIT 1   [ RunTime:0.000858s ]
SQL: SHOW COLUMNS FROM `tp_wxuser` [ RunTime:0.006254s ]
SQL: SELECT `wxname`,`wxid`,`weixin`,`headerpic` FROM `tp_wxuser` WHERE ( `token` = 'a39620d771ab03d3c2fdaf4956b32cfc' ) AND ( `uid` = 3 ) LIMIT 1   [ RunTime:0.070079s ]
SQL: SELECT * FROM `tp_wxuser` WHERE ( `token` = 'a39620d771ab03d3c2fdaf4956b32cfc' ) LIMIT 1   [ RunTime:0.000715s ]
INFO: [ view_template ] --START--
INFO: Run LocationTemplate Behavior [ RunTime:-1.141785s ]
INFO: [ view_template ] --END-- [ RunTime:0.001879s ]
INFO: [ view_parse ] --START--
INFO: Run ParseTemplate Behavior [ RunTime:-1.143644s ]
INFO: [ view_parse ] --END-- [ RunTime:0.666866s ]
INFO: [ view_filter ] --START--
INFO: Run ContentReplace Behavior [ RunTime:-1.810539s ]
INFO: Run TokenBuild Behavior [ RunTime:-1.811215s ]
INFO: Run WriteHtmlCache Behavior [ RunTime:-1.811904s ]
INFO: Run ShowRuntime Behavior [ RunTime:-1.812192s ]
INFO: [ view_filter ] --END-- [ RunTime:0.002205s ]
INFO: [ view_end ] --START--
INFO: Run ShowPageTrace Behavior [ RunTime:-1.812818s ]
INFO: [ view_end ] --END-- [ RunTime:0.000650s ]

[ 2014-04-30T11:05:34+08:00 ] 127.0.0.1 /index.php?m=Users&a=index.php&g=User&m=Home&a=index
INFO: [ app_begin ] --START--
INFO: Run ReadHtmlCache Behavior [ RunTime:0.000909s ]
INFO: [ app_begin ] --END-- [ RunTime:0.001022s ]
SQL: SHOW COLUMNS FROM `tp_user_group` [ RunTime:0.004801s ]
SQL: SELECT * FROM `tp_user_group` WHERE ( `id` = 4 ) LIMIT 1   [ RunTime:0.000456s ]
SQL: SHOW COLUMNS FROM `tp_wxuser` [ RunTime:0.006478s ]
SQL: SELECT `wxname`,`wxid`,`weixin`,`headerpic` FROM `tp_wxuser` WHERE ( `token` = 'a39620d771ab03d3c2fdaf4956b32cfc' ) AND ( `uid` = 3 ) LIMIT 1   [ RunTime:0.000460s ]
SQL: SELECT * FROM `tp_wxuser` WHERE ( `token` = 'a39620d771ab03d3c2fdaf4956b32cfc' ) LIMIT 1   [ RunTime:0.000499s ]
INFO: [ view_template ] --START--
INFO: Run LocationTemplate Behavior [ RunTime:-1.027755s ]
INFO: [ view_template ] --END-- [ RunTime:0.001097s ]
INFO: [ view_parse ] --START--
INFO: Run ParseTemplate Behavior [ RunTime:-1.028894s ]
INFO: [ view_parse ] --END-- [ RunTime:0.041526s ]
INFO: [ view_filter ] --START--
INFO: Run ContentReplace Behavior [ RunTime:-1.070458s ]
INFO: Run TokenBuild Behavior [ RunTime:-1.071124s ]
INFO: Run WriteHtmlCache Behavior [ RunTime:-1.071607s ]
INFO: Run ShowRuntime Behavior [ RunTime:-1.071893s ]
INFO: [ view_filter ] --END-- [ RunTime:0.001965s ]
INFO: [ view_end ] --START--
INFO: Run ShowPageTrace Behavior [ RunTime:-1.072490s ]
INFO: [ view_end ] --END-- [ RunTime:0.000570s ]

[ 2014-04-30T11:05:36+08:00 ] 127.0.0.1 /index.php?g=Home&m=Index&a=index
INFO: [ app_begin ] --START--
INFO: Run ReadHtmlCache Behavior [ RunTime:0.000598s ]
INFO: [ app_begin ] --END-- [ RunTime:0.000691s ]
INFO: [ view_template ] --START--
INFO: Run LocationTemplate Behavior [ RunTime:-0.001740s ]
INFO: [ view_template ] --END-- [ RunTime:0.000528s ]
INFO: [ view_parse ] --START--
INFO: Run ParseTemplate Behavior [ RunTime:-0.002301s ]
INFO: [ view_parse ] --END-- [ RunTime:0.007740s ]
INFO: [ view_filter ] --START--
INFO: Run ContentReplace Behavior [ RunTime:-0.010079s ]
INFO: Run TokenBuild Behavior [ RunTime:-0.010685s ]
INFO: Run WriteHtmlCache Behavior [ RunTime:-0.011118s ]
INFO: Run ShowRuntime Behavior [ RunTime:-0.011401s ]
INFO: [ view_filter ] --END-- [ RunTime:0.001788s ]
INFO: [ view_end ] --START--
INFO: Run ShowPageTrace Behavior [ RunTime:-0.011926s ]
INFO: [ view_end ] --END-- [ RunTime:0.000668s ]

[ 2014-04-30T11:05:38+08:00 ] 127.0.0.1 /index.php?g=Home&m=Index&a=index
INFO: [ app_begin ] --START--
INFO: Run ReadHtmlCache Behavior [ RunTime:0.000570s ]
INFO: [ app_begin ] --END-- [ RunTime:0.000652s ]
INFO: [ view_template ] --START--
INFO: Run LocationTemplate Behavior [ RunTime:-0.001439s ]
INFO: [ view_template ] --END-- [ RunTime:0.000489s ]
INFO: [ view_parse ] --START--
INFO: Run ParseTemplate Behavior [ RunTime:-0.001962s ]
INFO: [ view_parse ] --END-- [ RunTime:0.008115s ]
INFO: [ view_filter ] --START--
INFO: Run ContentReplace Behavior [ RunTime:-0.010116s ]
INFO: Run TokenBuild Behavior [ RunTime:-0.010685s ]
INFO: Run WriteHtmlCache Behavior [ RunTime:-0.011165s ]
INFO: Run ShowRuntime Behavior [ RunTime:-0.011484s ]
INFO: [ view_filter ] --END-- [ RunTime:0.001892s ]
INFO: [ view_end ] --START--
INFO: Run ShowPageTrace Behavior [ RunTime:-0.012079s ]
INFO: [ view_end ] --END-- [ RunTime:0.000977s ]

[ 2014-04-30T11:36:55+08:00 ] 127.0.0.1 /index.php?g=Home&m=Index&a=index
INFO: [ app_begin ] --START--
INFO: Run ReadHtmlCache Behavior [ RunTime:0.000604s ]
INFO: [ app_begin ] --END-- [ RunTime:0.000687s ]
INFO: [ view_template ] --START--
INFO: Run LocationTemplate Behavior [ RunTime:-0.021324s ]
INFO: [ view_template ] --END-- [ RunTime:0.002094s ]
INFO: [ view_parse ] --START--
INFO: Run ParseTemplate Behavior [ RunTime:-0.023448s ]
INFO: [ view_parse ] --END-- [ RunTime:0.023546s ]
INFO: [ view_filter ] --START--
INFO: Run ContentReplace Behavior [ RunTime:-0.047089s ]
INFO: Run TokenBuild Behavior [ RunTime:-0.048155s ]
INFO: Run WriteHtmlCache Behavior [ RunTime:-0.049170s ]
INFO: Run ShowRuntime Behavior [ RunTime:-0.050063s ]
INFO: [ view_filter ] --END-- [ RunTime:0.004238s ]
INFO: [ view_end ] --START--
INFO: Run ShowPageTrace Behavior [ RunTime:-0.051350s ]
INFO: [ view_end ] --END-- [ RunTime:0.001337s ]

[ 2014-04-30T11:36:57+08:00 ] 127.0.0.1 /index.php?g=Home&m=Index&a=index
INFO: [ app_begin ] --START--
INFO: Run ReadHtmlCache Behavior [ RunTime:0.000702s ]
INFO: [ app_begin ] --END-- [ RunTime:0.000776s ]
INFO: [ view_template ] --START--
INFO: Run LocationTemplate Behavior [ RunTime:-0.001887s ]
INFO: [ view_template ] --END-- [ RunTime:0.000978s ]
INFO: [ view_parse ] --START--
INFO: Run ParseTemplate Behavior [ RunTime:-0.002899s ]
INFO: [ view_parse ] --END-- [ RunTime:0.008983s ]
INFO: [ view_filter ] --START--
INFO: Run ContentReplace Behavior [ RunTime:-0.011920s ]
INFO: Run TokenBuild Behavior [ RunTime:-0.012454s ]
INFO: Run WriteHtmlCache Behavior [ RunTime:-0.012983s ]
INFO: Run ShowRuntime Behavior [ RunTime:-0.013379s ]
INFO: [ view_filter ] --END-- [ RunTime:0.002033s ]
INFO: [ view_end ] --START--
INFO: Run ShowPageTrace Behavior [ RunTime:-0.014011s ]
INFO: [ view_end ] --END-- [ RunTime:0.000687s ]

[ 2014-04-30T11:37:03+08:00 ] 127.0.0.1 /index.php
INFO: [ app_begin ] --START--
INFO: Run ReadHtmlCache Behavior [ RunTime:0.000705s ]
INFO: [ app_begin ] --END-- [ RunTime:0.000775s ]
INFO: [ view_template ] --START--
INFO: Run LocationTemplate Behavior [ RunTime:-0.001901s ]
INFO: [ view_template ] --END-- [ RunTime:0.001005s ]
INFO: [ view_parse ] --START--
INFO: Run ParseTemplate Behavior [ RunTime:-0.002942s ]
INFO: [ view_parse ] --END-- [ RunTime:0.008090s ]
INFO: [ view_filter ] --START--
INFO: Run ContentReplace Behavior [ RunTime:-0.011069s ]
INFO: Run TokenBuild Behavior [ RunTime:-0.011585s ]
INFO: Run WriteHtmlCache Behavior [ RunTime:-0.012282s ]
INFO: Run ShowRuntime Behavior [ RunTime:-0.012707s ]
INFO: [ view_filter ] --END-- [ RunTime:0.002255s ]
INFO: [ view_end ] --START--
INFO: Run ShowPageTrace Behavior [ RunTime:-0.013386s ]
INFO: [ view_end ] --END-- [ RunTime:0.000684s ]

[ 2014-04-30T11:37:04+08:00 ] 127.0.0.1 /index.php
INFO: [ app_begin ] --START--
INFO: Run ReadHtmlCache Behavior [ RunTime:0.000553s ]
INFO: [ app_begin ] --END-- [ RunTime:0.000625s ]
INFO: [ view_template ] --START--
INFO: Run LocationTemplate Behavior [ RunTime:-0.001360s ]
INFO: [ view_template ] --END-- [ RunTime:0.000512s ]
INFO: [ view_parse ] --START--
INFO: Run ParseTemplate Behavior [ RunTime:-0.001904s ]
INFO: [ view_parse ] --END-- [ RunTime:0.007385s ]
INFO: [ view_filter ] --START--
INFO: Run ContentReplace Behavior [ RunTime:-0.009322s ]
INFO: Run TokenBuild Behavior [ RunTime:-0.009775s ]
INFO: Run WriteHtmlCache Behavior [ RunTime:-0.010185s ]
INFO: Run ShowRuntime Behavior [ RunTime:-0.010465s ]
INFO: [ view_filter ] --END-- [ RunTime:0.001764s ]
INFO: [ view_end ] --START--
INFO: Run ShowPageTrace Behavior [ RunTime:-0.011147s ]
INFO: [ view_end ] --END-- [ RunTime:0.000639s ]

[ 2014-04-30T11:39:20+08:00 ] 127.0.0.1 /index.php?m=Users&a=index.php&g=User&m=Home&a=index
INFO: [ app_begin ] --START--
INFO: Run ReadHtmlCache Behavior [ RunTime:0.000565s ]
INFO: [ app_begin ] --END-- [ RunTime:0.000644s ]
SQL: SHOW COLUMNS FROM `tp_user_group` [ RunTime:0.005208s ]
SQL: SELECT * FROM `tp_user_group` WHERE ( `id` = 4 ) LIMIT 1   [ RunTime:0.000746s ]
SQL: SHOW COLUMNS FROM `tp_wxuser` [ RunTime:0.005922s ]
SQL: SELECT `wxname`,`wxid`,`weixin`,`headerpic` FROM `tp_wxuser` WHERE ( `token` = 'a39620d771ab03d3c2fdaf4956b32cfc' ) AND ( `uid` = 3 ) LIMIT 1   [ RunTime:0.000657s ]
SQL: SELECT * FROM `tp_wxuser` WHERE ( `token` = 'a39620d771ab03d3c2fdaf4956b32cfc' ) LIMIT 1   [ RunTime:0.000862s ]
INFO: [ view_template ] --START--
INFO: Run LocationTemplate Behavior [ RunTime:-1.077353s ]
INFO: [ view_template ] --END-- [ RunTime:0.001877s ]
INFO: [ view_parse ] --START--
INFO: Run ParseTemplate Behavior [ RunTime:-1.079288s ]
INFO: [ view_parse ] --END-- [ RunTime:0.139162s ]
INFO: [ view_filter ] --START--
INFO: Run ContentReplace Behavior [ RunTime:-1.218481s ]
INFO: Run TokenBuild Behavior [ RunTime:-1.219252s ]
INFO: Run WriteHtmlCache Behavior [ RunTime:-1.219855s ]
INFO: Run ShowRuntime Behavior [ RunTime:-1.220254s ]
INFO: [ view_filter ] --END-- [ RunTime:0.002384s ]
INFO: [ view_end ] --START--
INFO: Run ShowPageTrace Behavior [ RunTime:-1.220930s ]
INFO: [ view_end ] --END-- [ RunTime:0.000673s ]

[ 2014-04-30T11:39:22+08:00 ] 127.0.0.1 /index.php?g=Home&m=Index&a=index
INFO: [ app_begin ] --START--
INFO: Run ReadHtmlCache Behavior [ RunTime:0.000505s ]
INFO: [ app_begin ] --END-- [ RunTime:0.000579s ]
INFO: [ view_template ] --START--
INFO: Run LocationTemplate Behavior [ RunTime:-0.001889s ]
INFO: [ view_template ] --END-- [ RunTime:0.001111s ]
INFO: [ view_parse ] --START--
INFO: Run ParseTemplate Behavior [ RunTime:-0.003034s ]
INFO: [ view_parse ] --END-- [ RunTime:0.008182s ]
INFO: [ view_filter ] --START--
INFO: Run ContentReplace Behavior [ RunTime:-0.011252s ]
INFO: Run TokenBuild Behavior [ RunTime:-0.011793s ]
INFO: Run WriteHtmlCache Behavior [ RunTime:-0.012325s ]
INFO: Run ShowRuntime Behavior [ RunTime:-0.012723s ]
INFO: [ view_filter ] --END-- [ RunTime:0.002048s ]
INFO: [ view_end ] --START--
INFO: Run ShowPageTrace Behavior [ RunTime:-0.013359s ]
INFO: [ view_end ] --END-- [ RunTime:0.000682s ]

[ 2014-04-30T11:39:58+08:00 ] 127.0.0.1 /index.php
INFO: [ app_begin ] --START--
INFO: Run ReadHtmlCache Behavior [ RunTime:0.000579s ]
INFO: [ app_begin ] --END-- [ RunTime:0.000662s ]
INFO: [ view_template ] --START--
INFO: Run LocationTemplate Behavior [ RunTime:-0.001468s ]
INFO: [ view_template ] --END-- [ RunTime:0.000511s ]
INFO: [ view_parse ] --START--
INFO: Run ParseTemplate Behavior [ RunTime:-0.002013s ]
INFO: [ view_parse ] --END-- [ RunTime:0.008141s ]
INFO: [ view_filter ] --START--
INFO: Run ContentReplace Behavior [ RunTime:-0.010194s ]
INFO: Run TokenBuild Behavior [ RunTime:-0.010639s ]
INFO: Run WriteHtmlCache Behavior [ RunTime:-0.011107s ]
INFO: Run ShowRuntime Behavior [ RunTime:-0.011492s ]
INFO: [ view_filter ] --END-- [ RunTime:0.001888s ]
INFO: [ view_end ] --START--
INFO: Run ShowPageTrace Behavior [ RunTime:-0.012148s ]
INFO: [ view_end ] --END-- [ RunTime:0.000734s ]

[ 2014-04-30T11:40:39+08:00 ] 127.0.0.1 /index.php
INFO: [ app_begin ] --START--
INFO: Run ReadHtmlCache Behavior [ RunTime:0.000713s ]
INFO: [ app_begin ] --END-- [ RunTime:0.000789s ]
INFO: [ view_template ] --START--
INFO: Run LocationTemplate Behavior [ RunTime:-0.002355s ]
INFO: [ view_template ] --END-- [ RunTime:0.001060s ]
INFO: [ view_parse ] --START--
INFO: Run ParseTemplate Behavior [ RunTime:-0.003447s ]
INFO: [ view_parse ] --END-- [ RunTime:0.009038s ]
INFO: [ view_filter ] --START--
INFO: Run ContentReplace Behavior [ RunTime:-0.012519s ]
INFO: Run TokenBuild Behavior [ RunTime:-0.013034s ]
INFO: Run WriteHtmlCache Behavior [ RunTime:-0.013566s ]
INFO: Run ShowRuntime Behavior [ RunTime:-0.013997s ]
INFO: [ view_filter ] --END-- [ RunTime:0.002048s ]
INFO: [ view_end ] --START--
INFO: Run ShowPageTrace Behavior [ RunTime:-0.014625s ]
INFO: [ view_end ] --END-- [ RunTime:0.000682s ]

[ 2014-04-30T11:41:49+08:00 ] 127.0.0.1 /index.php
INFO: [ app_begin ] --START--
INFO: Run ReadHtmlCache Behavior [ RunTime:0.000827s ]
INFO: [ app_begin ] --END-- [ RunTime:0.000930s ]
INFO: [ view_template ] --START--
INFO: Run LocationTemplate Behavior [ RunTime:-0.002240s ]
INFO: [ view_template ] --END-- [ RunTime:0.001509s ]
INFO: [ view_parse ] --START--
INFO: Run ParseTemplate Behavior [ RunTime:-0.003803s ]
INFO: [ view_parse ] --END-- [ RunTime:0.010877s ]
INFO: [ view_filter ] --START--
INFO: Run ContentReplace Behavior [ RunTime:-0.014706s ]
INFO: Run TokenBuild Behavior [ RunTime:-0.015232s ]
INFO: Run WriteHtmlCache Behavior [ RunTime:-0.015768s ]
INFO: Run ShowRuntime Behavior [ RunTime:-0.016159s ]
INFO: [ view_filter ] --END-- [ RunTime:0.002023s ]
INFO: [ view_end ] --START--
INFO: Run ShowPageTrace Behavior [ RunTime:-0.016787s ]
INFO: [ view_end ] --END-- [ RunTime:0.000673s ]

[ 2014-04-30T11:44:31+08:00 ] 127.0.0.1 /index.php
INFO: [ app_begin ] --START--
INFO: Run ReadHtmlCache Behavior [ RunTime:0.000761s ]
INFO: [ app_begin ] --END-- [ RunTime:0.000841s ]
INFO: [ view_template ] --START--
INFO: Run LocationTemplate Behavior [ RunTime:-0.002573s ]
INFO: [ view_template ] --END-- [ RunTime:0.000949s ]
INFO: [ view_parse ] --START--
INFO: Run ParseTemplate Behavior [ RunTime:-0.003553s ]
INFO: [ view_parse ] --END-- [ RunTime:0.008408s ]
INFO: [ view_filter ] --START--
INFO: Run ContentReplace Behavior [ RunTime:-0.011994s ]
INFO: Run TokenBuild Behavior [ RunTime:-0.012507s ]
INFO: Run WriteHtmlCache Behavior [ RunTime:-0.013142s ]
INFO: Run ShowRuntime Behavior [ RunTime:-0.013700s ]
INFO: [ view_filter ] --END-- [ RunTime:0.003028s ]
INFO: [ view_end ] --START--
INFO: Run ShowPageTrace Behavior [ RunTime:-0.015244s ]
INFO: [ view_end ] --END-- [ RunTime:0.001171s ]

[ 2014-04-30T11:48:05+08:00 ] 127.0.0.1 /index.php
INFO: [ app_begin ] --START--
INFO: Run ReadHtmlCache Behavior [ RunTime:0.001497s ]
INFO: [ app_begin ] --END-- [ RunTime:0.001641s ]
INFO: [ view_template ] --START--
INFO: Run LocationTemplate Behavior [ RunTime:-0.006029s ]
INFO: [ view_template ] --END-- [ RunTime:0.001987s ]
INFO: [ view_parse ] --START--
INFO: Run ParseTemplate Behavior [ RunTime:-0.008071s ]
INFO: [ view_parse ] --END-- [ RunTime:0.009078s ]
INFO: [ view_filter ] --START--
INFO: Run ContentReplace Behavior [ RunTime:-0.017155s ]
INFO: Run TokenBuild Behavior [ RunTime:-0.017674s ]
INFO: Run WriteHtmlCache Behavior [ RunTime:-0.018217s ]
INFO: Run ShowRuntime Behavior [ RunTime:-0.018619s ]
INFO: [ view_filter ] --END-- [ RunTime:0.002081s ]
INFO: [ view_end ] --START--
INFO: Run ShowPageTrace Behavior [ RunTime:-0.019298s ]
INFO: [ view_end ] --END-- [ RunTime:0.000755s ]

[ 2014-04-30T11:48:52+08:00 ] 127.0.0.1 /index.php
INFO: [ app_begin ] --START--
INFO: Run ReadHtmlCache Behavior [ RunTime:0.000825s ]
INFO: [ app_begin ] --END-- [ RunTime:0.000910s ]
INFO: [ view_template ] --START--
INFO: Run LocationTemplate Behavior [ RunTime:-0.003276s ]
INFO: [ view_template ] --END-- [ RunTime:0.001226s ]
INFO: [ view_parse ] --START--
INFO: Run ParseTemplate Behavior [ RunTime:-0.004510s ]
INFO: [ view_parse ] --END-- [ RunTime:0.009927s ]
INFO: [ view_filter ] --START--
INFO: Run ContentReplace Behavior [ RunTime:-0.014475s ]
INFO: Run TokenBuild Behavior [ RunTime:-0.015032s ]
INFO: Run WriteHtmlCache Behavior [ RunTime:-0.015594s ]
INFO: Run ShowRuntime Behavior [ RunTime:-0.016053s ]
INFO: [ view_filter ] --END-- [ RunTime:0.002169s ]
INFO: [ view_end ] --START--
INFO: Run ShowPageTrace Behavior [ RunTime:-0.016708s ]
INFO: [ view_end ] --END-- [ RunTime:0.000707s ]

[ 2014-04-30T11:50:57+08:00 ] 127.0.0.1 /index.php
INFO: [ app_begin ] --START--
INFO: Run ReadHtmlCache Behavior [ RunTime:0.000810s ]
INFO: [ app_begin ] --END-- [ RunTime:0.000899s ]
INFO: [ view_template ] --START--
INFO: Run LocationTemplate Behavior [ RunTime:-0.002367s ]
INFO: [ view_template ] --END-- [ RunTime:0.001128s ]
INFO: [ view_parse ] --START--
INFO: Run ParseTemplate Behavior [ RunTime:-0.003526s ]
INFO: [ view_parse ] --END-- [ RunTime:0.008556s ]
INFO: [ view_filter ] --START--
INFO: Run ContentReplace Behavior [ RunTime:-0.012119s ]
INFO: Run TokenBuild Behavior [ RunTime:-0.012673s ]
INFO: Run WriteHtmlCache Behavior [ RunTime:-0.013234s ]
INFO: Run ShowRuntime Behavior [ RunTime:-0.013662s ]
INFO: [ view_filter ] --END-- [ RunTime:0.002136s ]
INFO: [ view_end ] --START--
INFO: Run ShowPageTrace Behavior [ RunTime:-0.014317s ]
INFO: [ view_end ] --END-- [ RunTime:0.000730s ]

