[ 2014-04-25T11:09:31+08:00 ] ERR: (ThinkException) 无法加载模块:Createurl
[ 2014-04-25T11:10:25+08:00 ] ERR: (ThinkException) 无法加载模块:Createurl
[ 2014-04-25T11:10:39+08:00 ] ERR: (ThinkException) 无法加载模块:Createurl
[ 2014-04-25T11:11:42+08:00 ] ERR: (ThinkException) 无法加载模块:Createurl
[ 2014-04-25T11:11:50+08:00 ] ERR: (ThinkException) 无法加载模块:Createurl
[ 2014-04-25T11:12:08+08:00 ] ERR: (ThinkException) 无法加载模块:Index
[ 2014-04-25T11:13:02+08:00 ] ERR: (ThinkException) 无法加载模块:Index
[ 2014-04-25T11:14:16+08:00 ] ERR: (ThinkException) 无法加载模块:Index
[ 2014-04-25T11:15:12+08:00 ] ERR: (ThinkException) 无法加载模块:Index
[ 2014-04-25T11:19:06+08:00 ] ERR: (ThinkException) 无法加载模块:Index
[ 2014-04-25T11:20:36+08:00 ] ERR: (ThinkException) 无法加载模块:Index
[ 2014-04-25T11:21:44+08:00 ] ERR: (ThinkException) 无法加载模块:Index
[ 2014-04-25T11:25:32+08:00 ] ERR: (ThinkException) 无法加载模块:Index
[ 2014-04-25T11:38:04+08:00 ] ERR: (ThinkException) 无法加载模块:index
[ 2014-04-25T11:38:16+08:00 ] 127.0.0.1 /index.php
INFO: [ app_begin ] --START--
INFO: Run ReadHtmlCache Behavior [ RunTime:0.000731s ]
INFO: [ app_begin ] --END-- [ RunTime:0.000806s ]
INFO: [ view_template ] --START--
INFO: Run LocationTemplate Behavior [ RunTime:-0.162396s ]
INFO: [ view_template ] --END-- [ RunTime:0.104760s ]
INFO: [ view_parse ] --START--
INFO: Run ParseTemplate Behavior [ RunTime:-0.267197s ]
INFO: [ view_parse ] --END-- [ RunTime:0.069326s ]
INFO: [ view_filter ] --START--
INFO: Run ContentReplace Behavior [ RunTime:-0.336555s ]
INFO: Run TokenBuild Behavior [ RunTime:-0.350803s ]
INFO: Run WriteHtmlCache Behavior [ RunTime:-0.351978s ]
INFO: Run ShowRuntime Behavior [ RunTime:-0.352956s ]
INFO: [ view_filter ] --END-- [ RunTime:0.017437s ]
INFO: [ view_end ] --START--
INFO: Run ShowPageTrace Behavior [ RunTime:-0.354060s ]
INFO: [ view_end ] --END-- [ RunTime:0.001417s ]

[ 2014-04-25T11:38:37+08:00 ] 127.0.0.1 /index.php?m=Users&a=index.php&g=User&m=Home&a=index
INFO: [ app_begin ] --START--
INFO: Run ReadHtmlCache Behavior [ RunTime:0.000560s ]
INFO: [ app_begin ] --END-- [ RunTime:0.000643s ]
SQL: SHOW COLUMNS FROM `tp_user_group` [ RunTime:0.005001s ]
SQL: SELECT * FROM `tp_user_group` WHERE ( `id` = 4 ) LIMIT 1   [ RunTime:0.000589s ]
SQL: SHOW COLUMNS FROM `tp_wxuser` [ RunTime:0.006127s ]
SQL: SELECT `wxname`,`wxid`,`weixin`,`headerpic` FROM `tp_wxuser` WHERE ( `token` = 'a39620d771ab03d3c2fdaf4956b32cfc' ) AND ( `uid` = 3 ) LIMIT 1   [ RunTime:0.065791s ]
SQL: SELECT * FROM `tp_wxuser` WHERE ( `token` = 'a39620d771ab03d3c2fdaf4956b32cfc' ) LIMIT 1   [ RunTime:0.000789s ]
INFO: [ view_template ] --START--
INFO: Run LocationTemplate Behavior [ RunTime:-1.168186s ]
INFO: [ view_template ] --END-- [ RunTime:0.252577s ]
INFO: [ view_parse ] --START--
INFO: Run ParseTemplate Behavior [ RunTime:-1.421034s ]
INFO: [ view_parse ] --END-- [ RunTime:0.397143s ]
INFO: [ view_filter ] --START--
INFO: Run ContentReplace Behavior [ RunTime:-1.818197s ]
INFO: Run TokenBuild Behavior [ RunTime:-1.819049s ]
INFO: Run WriteHtmlCache Behavior [ RunTime:-1.819741s ]
INFO: Run ShowRuntime Behavior [ RunTime:-1.820236s ]
INFO: [ view_filter ] --END-- [ RunTime:0.002593s ]
INFO: [ view_end ] --START--
INFO: Run ShowPageTrace Behavior [ RunTime:-1.820858s ]
INFO: [ view_end ] --END-- [ RunTime:0.000805s ]

[ 2014-04-25T11:38:45+08:00 ] 127.0.0.1 /index.php?g=User&m=Home&a=index&token=a39620d771ab03d3c2fdaf4956b32cfc
INFO: [ app_begin ] --START--
INFO: Run ReadHtmlCache Behavior [ RunTime:0.000705s ]
INFO: [ app_begin ] --END-- [ RunTime:0.000780s ]
SQL: SHOW COLUMNS FROM `tp_user_group` [ RunTime:0.003921s ]
SQL: SELECT * FROM `tp_user_group` WHERE ( `id` = 4 ) LIMIT 1   [ RunTime:0.000390s ]
SQL: SHOW COLUMNS FROM `tp_wxuser` [ RunTime:0.005024s ]
SQL: SELECT `wxname`,`wxid`,`weixin`,`headerpic` FROM `tp_wxuser` WHERE ( `token` = 'a39620d771ab03d3c2fdaf4956b32cfc' ) AND ( `uid` = 3 ) LIMIT 1   [ RunTime:0.000652s ]
SQL: SELECT * FROM `tp_wxuser` WHERE ( `token` = 'a39620d771ab03d3c2fdaf4956b32cfc' ) LIMIT 1   [ RunTime:0.000467s ]
INFO: [ view_template ] --START--
INFO: Run LocationTemplate Behavior [ RunTime:-1.043608s ]
INFO: [ view_template ] --END-- [ RunTime:0.001238s ]
INFO: [ view_parse ] --START--
INFO: Run ParseTemplate Behavior [ RunTime:-1.044891s ]
INFO: [ view_parse ] --END-- [ RunTime:0.039890s ]
INFO: [ view_filter ] --START--
INFO: Run ContentReplace Behavior [ RunTime:-1.084818s ]
INFO: Run TokenBuild Behavior [ RunTime:-1.085615s ]
INFO: Run WriteHtmlCache Behavior [ RunTime:-1.086259s ]
INFO: Run ShowRuntime Behavior [ RunTime:-1.086650s ]
INFO: [ view_filter ] --END-- [ RunTime:0.002524s ]
INFO: [ view_end ] --START--
INFO: Run ShowPageTrace Behavior [ RunTime:-1.087411s ]
INFO: [ view_end ] --END-- [ RunTime:0.000672s ]

[ 2014-04-25T11:38:49+08:00 ] 127.0.0.1 /index.php?g=User&m=Home&a=set&token=a39620d771ab03d3c2fdaf4956b32cfc
INFO: [ app_begin ] --START--
INFO: Run ReadHtmlCache Behavior [ RunTime:0.000507s ]
INFO: [ app_begin ] --END-- [ RunTime:0.000580s ]
SQL: SHOW COLUMNS FROM `tp_user_group` [ RunTime:0.004025s ]
SQL: SELECT * FROM `tp_user_group` WHERE ( `id` = 4 ) LIMIT 1   [ RunTime:0.001135s ]
SQL: SHOW COLUMNS FROM `tp_wxuser` [ RunTime:0.005480s ]
SQL: SELECT `wxname`,`wxid`,`weixin`,`headerpic` FROM `tp_wxuser` WHERE ( `token` = 'a39620d771ab03d3c2fdaf4956b32cfc' ) AND ( `uid` = 3 ) LIMIT 1   [ RunTime:0.000380s ]
SQL: SHOW COLUMNS FROM `tp_home` [ RunTime:0.085614s ]
SQL: SELECT * FROM `tp_home` WHERE ( `token` = 'a39620d771ab03d3c2fdaf4956b32cfc' ) LIMIT 1   [ RunTime:0.000430s ]
INFO: [ view_template ] --START--
INFO: Run LocationTemplate Behavior [ RunTime:-1.135124s ]
INFO: [ view_template ] --END-- [ RunTime:0.001559s ]
INFO: [ view_parse ] --START--
INFO: Run ParseTemplate Behavior [ RunTime:-1.136727s ]
INFO: [ view_parse ] --END-- [ RunTime:0.073287s ]
INFO: [ view_filter ] --START--
INFO: Run ContentReplace Behavior [ RunTime:-1.210052s ]
INFO: Run TokenBuild Behavior [ RunTime:-1.211092s ]
INFO: Run WriteHtmlCache Behavior [ RunTime:-1.211921s ]
INFO: Run ShowRuntime Behavior [ RunTime:-1.212433s ]
INFO: [ view_filter ] --END-- [ RunTime:0.002965s ]
INFO: [ view_end ] --START--
INFO: Run ShowPageTrace Behavior [ RunTime:-1.213090s ]
INFO: [ view_end ] --END-- [ RunTime:0.000795s ]

[ 2014-04-25T11:50:13+08:00 ] 127.0.0.1 /index.php?g=User&m=Home&a=set&token=a39620d771ab03d3c2fdaf4956b32cfc
INFO: [ app_begin ] --START--
INFO: Run ReadHtmlCache Behavior [ RunTime:0.000747s ]
INFO: [ app_begin ] --END-- [ RunTime:0.000830s ]
SQL: SHOW COLUMNS FROM `tp_user_group` [ RunTime:0.004773s ]
SQL: SELECT * FROM `tp_user_group` WHERE ( `id` = 4 ) LIMIT 1   [ RunTime:0.000326s ]
SQL: SHOW COLUMNS FROM `tp_wxuser` [ RunTime:0.005010s ]
SQL: SELECT `wxname`,`wxid`,`weixin`,`headerpic` FROM `tp_wxuser` WHERE ( `token` = 'a39620d771ab03d3c2fdaf4956b32cfc' ) AND ( `uid` = 3 ) LIMIT 1   [ RunTime:0.000473s ]
SQL: SHOW COLUMNS FROM `tp_home` [ RunTime:0.003650s ]
SQL: SELECT * FROM `tp_home` WHERE ( `token` = 'a39620d771ab03d3c2fdaf4956b32cfc' ) LIMIT 1   [ RunTime:0.000534s ]
INFO: [ view_template ] --START--
INFO: Run LocationTemplate Behavior [ RunTime:-1.048744s ]
INFO: [ view_template ] --END-- [ RunTime:0.001507s ]
INFO: [ view_parse ] --START--
INFO: Run ParseTemplate Behavior [ RunTime:-1.050296s ]
INFO: [ view_parse ] --END-- [ RunTime:0.035636s ]
INFO: [ view_filter ] --START--
INFO: Run ContentReplace Behavior [ RunTime:-1.085969s ]
INFO: Run TokenBuild Behavior [ RunTime:-1.086817s ]
INFO: Run WriteHtmlCache Behavior [ RunTime:-1.087636s ]
INFO: Run ShowRuntime Behavior [ RunTime:-1.088140s ]
INFO: [ view_filter ] --END-- [ RunTime:0.002788s ]
INFO: [ view_end ] --START--
INFO: Run ShowPageTrace Behavior [ RunTime:-1.088826s ]
INFO: [ view_end ] --END-- [ RunTime:0.000789s ]

[ 2014-04-25T11:51:44+08:00 ] 127.0.0.1 /index.php?g=User&m=Home&a=set&token=a39620d771ab03d3c2fdaf4956b32cfc
INFO: [ app_begin ] --START--
INFO: Run ReadHtmlCache Behavior [ RunTime:0.000739s ]
INFO: [ app_begin ] --END-- [ RunTime:0.000819s ]
SQL: SHOW COLUMNS FROM `tp_user_group` [ RunTime:0.003204s ]
SQL: SELECT * FROM `tp_user_group` WHERE ( `id` = 4 ) LIMIT 1   [ RunTime:0.000288s ]
SQL: SHOW COLUMNS FROM `tp_wxuser` [ RunTime:0.004035s ]
SQL: SELECT `wxname`,`wxid`,`weixin`,`headerpic` FROM `tp_wxuser` WHERE ( `token` = 'a39620d771ab03d3c2fdaf4956b32cfc' ) AND ( `uid` = 3 ) LIMIT 1   [ RunTime:0.000276s ]
SQL: SHOW COLUMNS FROM `tp_home` [ RunTime:0.002924s ]
SQL: SELECT * FROM `tp_home` WHERE ( `token` = 'a39620d771ab03d3c2fdaf4956b32cfc' ) LIMIT 1   [ RunTime:0.000215s ]
INFO: [ view_template ] --START--
INFO: Run LocationTemplate Behavior [ RunTime:-1.024005s ]
INFO: [ view_template ] --END-- [ RunTime:0.001096s ]
INFO: [ view_parse ] --START--
INFO: Run ParseTemplate Behavior [ RunTime:-1.025141s ]
INFO: [ view_parse ] --END-- [ RunTime:0.041567s ]
INFO: [ view_filter ] --START--
INFO: Run ContentReplace Behavior [ RunTime:-1.066749s ]
INFO: Run TokenBuild Behavior [ RunTime:-1.067631s ]
INFO: Run WriteHtmlCache Behavior [ RunTime:-1.068347s ]
INFO: Run ShowRuntime Behavior [ RunTime:-1.068766s ]
INFO: [ view_filter ] --END-- [ RunTime:0.002654s ]
INFO: [ view_end ] --START--
INFO: Run ShowPageTrace Behavior [ RunTime:-1.069477s ]
INFO: [ view_end ] --END-- [ RunTime:0.000737s ]

[ 2014-04-25T11:52:46+08:00 ] 127.0.0.1 /index.php?g=User&m=Text&a=index&token=a39620d771ab03d3c2fdaf4956b32cfc
INFO: [ app_begin ] --START--
INFO: Run ReadHtmlCache Behavior [ RunTime:0.000851s ]
INFO: [ app_begin ] --END-- [ RunTime:0.000935s ]
NOTIC: [2048] Declaration of TextAction::insert() should be compatible with BaseAction::insert($name = '', $back = '/index') E:\Apache2.2\htdocs\weimeng\Lib\Action\User\TextAction.class.php 第 5 行.
SQL: SHOW COLUMNS FROM `tp_user_group` [ RunTime:0.048357s ]
SQL: SELECT * FROM `tp_user_group` WHERE ( `id` = 4 ) LIMIT 1   [ RunTime:0.000401s ]
SQL: SHOW COLUMNS FROM `tp_wxuser` [ RunTime:0.005139s ]
SQL: SELECT `wxname`,`wxid`,`weixin`,`headerpic` FROM `tp_wxuser` WHERE ( `token` = 'a39620d771ab03d3c2fdaf4956b32cfc' ) AND ( `uid` = 3 ) LIMIT 1   [ RunTime:0.000682s ]
SQL: SHOW COLUMNS FROM `tp_text` [ RunTime:0.071541s ]
SQL: SELECT COUNT(*) AS tp_count FROM `tp_text` WHERE ( `uid` = 3 ) AND ( `token` = 'a39620d771ab03d3c2fdaf4956b32cfc' ) LIMIT 1   [ RunTime:0.044921s ]
SQL: SELECT * FROM `tp_text` WHERE ( `uid` = 3 ) AND ( `token` = 'a39620d771ab03d3c2fdaf4956b32cfc' ) LIMIT 0,25   [ RunTime:0.000690s ]
INFO: [ view_template ] --START--
INFO: Run LocationTemplate Behavior [ RunTime:-1.361497s ]
INFO: [ view_template ] --END-- [ RunTime:0.025193s ]
INFO: [ view_parse ] --START--
INFO: Run ParseTemplate Behavior [ RunTime:-1.386743s ]
INFO: [ view_parse ] --END-- [ RunTime:0.055978s ]
INFO: [ view_filter ] --START--
INFO: Run ContentReplace Behavior [ RunTime:-1.442761s ]
INFO: Run TokenBuild Behavior [ RunTime:-1.443645s ]
INFO: Run WriteHtmlCache Behavior [ RunTime:-1.444741s ]
INFO: Run ShowRuntime Behavior [ RunTime:-1.445721s ]
INFO: [ view_filter ] --END-- [ RunTime:0.004043s ]
INFO: [ view_end ] --START--
INFO: Run ShowPageTrace Behavior [ RunTime:-1.446896s ]
INFO: [ view_end ] --END-- [ RunTime:0.000890s ]

[ 2014-04-25T11:53:33+08:00 ] 127.0.0.1 /index.php?g=User&m=Text&a=index&token=a39620d771ab03d3c2fdaf4956b32cfc
INFO: [ app_begin ] --START--
INFO: Run ReadHtmlCache Behavior [ RunTime:0.000592s ]
INFO: [ app_begin ] --END-- [ RunTime:0.000696s ]
NOTIC: [2048] Declaration of TextAction::insert() should be compatible with BaseAction::insert($name = '', $back = '/index') E:\Apache2.2\htdocs\weimeng\Lib\Action\User\TextAction.class.php 第 5 行.
SQL: SHOW COLUMNS FROM `tp_user_group` [ RunTime:0.005331s ]
SQL: SELECT * FROM `tp_user_group` WHERE ( `id` = 4 ) LIMIT 1   [ RunTime:0.000562s ]
SQL: SHOW COLUMNS FROM `tp_wxuser` [ RunTime:0.006173s ]
SQL: SELECT `wxname`,`wxid`,`weixin`,`headerpic` FROM `tp_wxuser` WHERE ( `token` = 'a39620d771ab03d3c2fdaf4956b32cfc' ) AND ( `uid` = 3 ) LIMIT 1   [ RunTime:0.000844s ]
SQL: SHOW COLUMNS FROM `tp_text` [ RunTime:0.004213s ]
SQL: SELECT COUNT(*) AS tp_count FROM `tp_text` WHERE ( `uid` = 3 ) AND ( `token` = 'a39620d771ab03d3c2fdaf4956b32cfc' ) LIMIT 1   [ RunTime:0.002463s ]
SQL: SELECT * FROM `tp_text` WHERE ( `uid` = 3 ) AND ( `token` = 'a39620d771ab03d3c2fdaf4956b32cfc' ) LIMIT 0,25   [ RunTime:0.000985s ]
INFO: [ view_template ] --START--
INFO: Run LocationTemplate Behavior [ RunTime:-1.045101s ]
INFO: [ view_template ] --END-- [ RunTime:0.000581s ]
INFO: [ view_parse ] --START--
INFO: Run ParseTemplate Behavior [ RunTime:-1.045719s ]
INFO: [ view_parse ] --END-- [ RunTime:0.038388s ]
INFO: [ view_filter ] --START--
INFO: Run ContentReplace Behavior [ RunTime:-1.084153s ]
INFO: Run TokenBuild Behavior [ RunTime:-1.084957s ]
INFO: Run WriteHtmlCache Behavior [ RunTime:-1.085590s ]
INFO: Run ShowRuntime Behavior [ RunTime:-1.085890s ]
INFO: [ view_filter ] --END-- [ RunTime:0.002233s ]
INFO: [ view_end ] --START--
INFO: Run ShowPageTrace Behavior [ RunTime:-1.086463s ]
INFO: [ view_end ] --END-- [ RunTime:0.000594s ]

[ 2014-04-25T11:55:10+08:00 ] 127.0.0.1 /index.php?g=User&m=Home&a=set&token=a39620d771ab03d3c2fdaf4956b32cfc
INFO: [ app_begin ] --START--
INFO: Run ReadHtmlCache Behavior [ RunTime:0.000714s ]
INFO: [ app_begin ] --END-- [ RunTime:0.000835s ]
SQL: SHOW COLUMNS FROM `tp_user_group` [ RunTime:0.004923s ]
SQL: SELECT * FROM `tp_user_group` WHERE ( `id` = 4 ) LIMIT 1   [ RunTime:0.000525s ]
SQL: SHOW COLUMNS FROM `tp_wxuser` [ RunTime:0.006663s ]
SQL: SELECT `wxname`,`wxid`,`weixin`,`headerpic` FROM `tp_wxuser` WHERE ( `token` = 'a39620d771ab03d3c2fdaf4956b32cfc' ) AND ( `uid` = 3 ) LIMIT 1   [ RunTime:0.000516s ]
SQL: SHOW COLUMNS FROM `tp_home` [ RunTime:0.006311s ]
SQL: SELECT * FROM `tp_home` WHERE ( `token` = 'a39620d771ab03d3c2fdaf4956b32cfc' ) LIMIT 1   [ RunTime:0.000456s ]
INFO: [ view_template ] --START--
INFO: Run LocationTemplate Behavior [ RunTime:-1.053708s ]
INFO: [ view_template ] --END-- [ RunTime:0.001598s ]
INFO: [ view_parse ] --START--
INFO: Run ParseTemplate Behavior [ RunTime:-1.055373s ]
INFO: [ view_parse ] --END-- [ RunTime:0.042572s ]
INFO: [ view_filter ] --START--
INFO: Run ContentReplace Behavior [ RunTime:-1.097971s ]
INFO: Run TokenBuild Behavior [ RunTime:-1.098704s ]
INFO: Run WriteHtmlCache Behavior [ RunTime:-1.099373s ]
INFO: Run ShowRuntime Behavior [ RunTime:-1.099766s ]
INFO: [ view_filter ] --END-- [ RunTime:0.002392s ]
INFO: [ view_end ] --START--
INFO: Run ShowPageTrace Behavior [ RunTime:-1.100429s ]
INFO: [ view_end ] --END-- [ RunTime:0.000673s ]

[ 2014-04-25T11:56:15+08:00 ] 127.0.0.1 /index.php?g=User&m=Home&a=set&token=a39620d771ab03d3c2fdaf4956b32cfc
INFO: [ app_begin ] --START--
INFO: Run ReadHtmlCache Behavior [ RunTime:0.000557s ]
INFO: [ app_begin ] --END-- [ RunTime:0.000639s ]
SQL: SHOW COLUMNS FROM `tp_user_group` [ RunTime:0.007982s ]
SQL: SELECT * FROM `tp_user_group` WHERE ( `id` = 4 ) LIMIT 1   [ RunTime:0.000739s ]
SQL: SHOW COLUMNS FROM `tp_wxuser` [ RunTime:0.009243s ]
SQL: SELECT `wxname`,`wxid`,`weixin`,`headerpic` FROM `tp_wxuser` WHERE ( `token` = 'a39620d771ab03d3c2fdaf4956b32cfc' ) AND ( `uid` = 3 ) LIMIT 1   [ RunTime:0.000619s ]
SQL: SHOW COLUMNS FROM `tp_home` [ RunTime:0.007272s ]
SQL: SELECT * FROM `tp_home` WHERE ( `token` = 'a39620d771ab03d3c2fdaf4956b32cfc' ) LIMIT 1   [ RunTime:0.000470s ]
INFO: [ view_template ] --START--
INFO: Run LocationTemplate Behavior [ RunTime:-1.049594s ]
INFO: [ view_template ] --END-- [ RunTime:0.001036s ]
INFO: [ view_parse ] --START--
INFO: Run ParseTemplate Behavior [ RunTime:-1.050712s ]
INFO: [ view_parse ] --END-- [ RunTime:0.040642s ]
INFO: [ view_filter ] --START--
INFO: Run ContentReplace Behavior [ RunTime:-1.091371s ]
INFO: Run TokenBuild Behavior [ RunTime:-1.092009s ]
INFO: Run WriteHtmlCache Behavior [ RunTime:-1.092604s ]
INFO: Run ShowRuntime Behavior [ RunTime:-1.092891s ]
INFO: [ view_filter ] --END-- [ RunTime:0.002010s ]
INFO: [ view_end ] --START--
INFO: Run ShowPageTrace Behavior [ RunTime:-1.093449s ]
INFO: [ view_end ] --END-- [ RunTime:0.000564s ]

[ 2014-04-25T11:56:21+08:00 ] 127.0.0.1 /index.php?g=User&m=Text&a=index&token=a39620d771ab03d3c2fdaf4956b32cfc
INFO: [ app_begin ] --START--
INFO: Run ReadHtmlCache Behavior [ RunTime:0.000548s ]
INFO: [ app_begin ] --END-- [ RunTime:0.000630s ]
NOTIC: [2048] Declaration of TextAction::insert() should be compatible with BaseAction::insert($name = '', $back = '/index') E:\Apache2.2\htdocs\weimeng\Lib\Action\User\TextAction.class.php 第 5 行.
SQL: SHOW COLUMNS FROM `tp_user_group` [ RunTime:0.006071s ]
SQL: SELECT * FROM `tp_user_group` WHERE ( `id` = 4 ) LIMIT 1   [ RunTime:0.000555s ]
SQL: SHOW COLUMNS FROM `tp_wxuser` [ RunTime:0.005193s ]
SQL: SELECT `wxname`,`wxid`,`weixin`,`headerpic` FROM `tp_wxuser` WHERE ( `token` = 'a39620d771ab03d3c2fdaf4956b32cfc' ) AND ( `uid` = 3 ) LIMIT 1   [ RunTime:0.000499s ]
SQL: SHOW COLUMNS FROM `tp_text` [ RunTime:0.004585s ]
SQL: SELECT COUNT(*) AS tp_count FROM `tp_text` WHERE ( `uid` = 3 ) AND ( `token` = 'a39620d771ab03d3c2fdaf4956b32cfc' ) LIMIT 1   [ RunTime:0.000342s ]
SQL: SELECT * FROM `tp_text` WHERE ( `uid` = 3 ) AND ( `token` = 'a39620d771ab03d3c2fdaf4956b32cfc' ) LIMIT 0,25   [ RunTime:0.000443s ]
INFO: [ view_template ] --START--
INFO: Run LocationTemplate Behavior [ RunTime:-1.033683s ]
INFO: [ view_template ] --END-- [ RunTime:0.000780s ]
INFO: [ view_parse ] --START--
INFO: Run ParseTemplate Behavior [ RunTime:-1.034513s ]
INFO: [ view_parse ] --END-- [ RunTime:0.038482s ]
INFO: [ view_filter ] --START--
INFO: Run ContentReplace Behavior [ RunTime:-1.073026s ]
INFO: Run TokenBuild Behavior [ RunTime:-1.073753s ]
INFO: Run WriteHtmlCache Behavior [ RunTime:-1.074312s ]
INFO: Run ShowRuntime Behavior [ RunTime:-1.074597s ]
INFO: [ view_filter ] --END-- [ RunTime:0.002050s ]
INFO: [ view_end ] --START--
INFO: Run ShowPageTrace Behavior [ RunTime:-1.075144s ]
INFO: [ view_end ] --END-- [ RunTime:0.000583s ]

[ 2014-04-25T12:04:44+08:00 ] ERR: (ThinkException) 无法加载模块:Index
[ 2014-04-25T12:05:10+08:00 ] ERR: (ThinkException) 无法加载模块:Index
[ 2014-04-25T12:05:58+08:00 ] ERR: (ThinkException) 无法加载模块:Index
[ 2014-04-25T12:06:35+08:00 ] 127.0.0.1 /index.php?g=User&m=Member_card&a=privilege&token=a39620d771ab03d3c2fdaf4956b32cfc
INFO: [ app_begin ] --START--
INFO: Run ReadHtmlCache Behavior [ RunTime:0.000502s ]
INFO: [ app_begin ] --END-- [ RunTime:0.000573s ]
SQL: SHOW COLUMNS FROM `tp_user_group` [ RunTime:0.040444s ]
SQL: SELECT * FROM `tp_user_group` WHERE ( `id` = 4 ) LIMIT 1   [ RunTime:0.000417s ]
SQL: SHOW COLUMNS FROM `tp_wxuser` [ RunTime:0.006466s ]
SQL: SELECT `wxname`,`wxid`,`weixin`,`headerpic` FROM `tp_wxuser` WHERE ( `token` = 'a39620d771ab03d3c2fdaf4956b32cfc' ) AND ( `uid` = 3 ) LIMIT 1   [ RunTime:0.000613s ]
SQL: SELECT * FROM `tp_wxuser` WHERE ( `token` = 'a39620d771ab03d3c2fdaf4956b32cfc' ) LIMIT 1   [ RunTime:0.001816s ]
SQL: SHOW COLUMNS FROM `tp_users` [ RunTime:0.005261s ]
SQL: SELECT * FROM `tp_users` WHERE ( `id` = 3 ) LIMIT 1   [ RunTime:0.000550s ]
SQL: SELECT * FROM `tp_user_group` WHERE ( `id` = 4 ) LIMIT 1   [ RunTime:0.000313s ]
SQL: UPDATE `tp_wxuser` SET `allcardnum`=1000 WHERE ( `token` = 'a39620d771ab03d3c2fdaf4956b32cfc' ) [ RunTime:0.052373s ]
SQL: UPDATE `tp_wxuser` SET `cardisok`=1 WHERE ( `uid` = 3 ) AND ( `token` = 'a39620d771ab03d3c2fdaf4956b32cfc' ) [ RunTime:0.000357s ]
SQL: SHOW COLUMNS FROM `tp_member_card_vip` [ RunTime:0.088082s ]
SQL: SELECT * FROM `tp_member_card_vip` WHERE ( `token` = 'a39620d771ab03d3c2fdaf4956b32cfc' ) ORDER BY id desc  [ RunTime:0.000426s ]
INFO: [ view_template ] --START--
INFO: Run LocationTemplate Behavior [ RunTime:-1.277040s ]
INFO: [ view_template ] --END-- [ RunTime:0.030684s ]
INFO: [ view_parse ] --START--
INFO: Run ParseTemplate Behavior [ RunTime:-1.307782s ]
INFO: [ view_parse ] --END-- [ RunTime:0.055304s ]
INFO: [ view_filter ] --START--
INFO: Run ContentReplace Behavior [ RunTime:-1.363171s ]
INFO: Run TokenBuild Behavior [ RunTime:-1.363850s ]
INFO: Run WriteHtmlCache Behavior [ RunTime:-1.364550s ]
INFO: Run ShowRuntime Behavior [ RunTime:-1.364982s ]
INFO: [ view_filter ] --END-- [ RunTime:0.002554s ]
INFO: [ view_end ] --START--
INFO: Run ShowPageTrace Behavior [ RunTime:-1.365744s ]
INFO: [ view_end ] --END-- [ RunTime:0.000723s ]

[ 2014-04-25T12:06:38+08:00 ] 127.0.0.1 /index.php?g=User&m=Member_card&a=coupon&token=a39620d771ab03d3c2fdaf4956b32cfc
INFO: [ app_begin ] --START--
INFO: Run ReadHtmlCache Behavior [ RunTime:0.000579s ]
INFO: [ app_begin ] --END-- [ RunTime:0.000658s ]
SQL: SHOW COLUMNS FROM `tp_user_group` [ RunTime:0.004850s ]
SQL: SELECT * FROM `tp_user_group` WHERE ( `id` = 4 ) LIMIT 1   [ RunTime:0.000431s ]
SQL: SHOW COLUMNS FROM `tp_wxuser` [ RunTime:0.006035s ]
SQL: SELECT `wxname`,`wxid`,`weixin`,`headerpic` FROM `tp_wxuser` WHERE ( `token` = 'a39620d771ab03d3c2fdaf4956b32cfc' ) AND ( `uid` = 3 ) LIMIT 1   [ RunTime:0.000511s ]
SQL: SELECT * FROM `tp_wxuser` WHERE ( `token` = 'a39620d771ab03d3c2fdaf4956b32cfc' ) LIMIT 1   [ RunTime:0.000661s ]
SQL: SHOW COLUMNS FROM `tp_users` [ RunTime:0.005510s ]
SQL: SELECT * FROM `tp_users` WHERE ( `id` = 3 ) LIMIT 1   [ RunTime:0.000508s ]
SQL: SELECT * FROM `tp_user_group` WHERE ( `id` = 4 ) LIMIT 1   [ RunTime:0.000333s ]
SQL: UPDATE `tp_wxuser` SET `allcardnum`=1000 WHERE ( `token` = 'a39620d771ab03d3c2fdaf4956b32cfc' ) [ RunTime:0.000341s ]
SQL: UPDATE `tp_wxuser` SET `cardisok`=1 WHERE ( `uid` = 3 ) AND ( `token` = 'a39620d771ab03d3c2fdaf4956b32cfc' ) [ RunTime:0.000423s ]
SQL: SHOW COLUMNS FROM `tp_member_card_coupon` [ RunTime:0.112132s ]
SQL: SELECT * FROM `tp_member_card_coupon` WHERE ( `token` = 'a39620d771ab03d3c2fdaf4956b32cfc' ) ORDER BY id desc  [ RunTime:0.000385s ]
INFO: [ view_template ] --START--
INFO: Run LocationTemplate Behavior [ RunTime:-1.180868s ]
INFO: [ view_template ] --END-- [ RunTime:0.000886s ]
INFO: [ view_parse ] --START--
INFO: Run ParseTemplate Behavior [ RunTime:-1.181799s ]
INFO: [ view_parse ] --END-- [ RunTime:0.062995s ]
INFO: [ view_filter ] --START--
INFO: Run ContentReplace Behavior [ RunTime:-1.244834s ]
INFO: Run TokenBuild Behavior [ RunTime:-1.245617s ]
INFO: Run WriteHtmlCache Behavior [ RunTime:-1.246348s ]
INFO: Run ShowRuntime Behavior [ RunTime:-1.246759s ]
INFO: [ view_filter ] --END-- [ RunTime:0.002484s ]
INFO: [ view_end ] --START--
INFO: Run ShowPageTrace Behavior [ RunTime:-1.247397s ]
INFO: [ view_end ] --END-- [ RunTime:0.000684s ]

[ 2014-04-25T12:06:41+08:00 ] 127.0.0.1 /index.php?g=User&m=Member_card&a=coupon_add&token=a39620d771ab03d3c2fdaf4956b32cfc
INFO: [ app_begin ] --START--
INFO: Run ReadHtmlCache Behavior [ RunTime:0.000768s ]
INFO: [ app_begin ] --END-- [ RunTime:0.000847s ]
SQL: SHOW COLUMNS FROM `tp_user_group` [ RunTime:0.043825s ]
SQL: SELECT * FROM `tp_user_group` WHERE ( `id` = 4 ) LIMIT 1   [ RunTime:0.000741s ]
SQL: SHOW COLUMNS FROM `tp_wxuser` [ RunTime:0.006484s ]
SQL: SELECT `wxname`,`wxid`,`weixin`,`headerpic` FROM `tp_wxuser` WHERE ( `token` = 'a39620d771ab03d3c2fdaf4956b32cfc' ) AND ( `uid` = 3 ) LIMIT 1   [ RunTime:0.000535s ]
SQL: SELECT * FROM `tp_wxuser` WHERE ( `token` = 'a39620d771ab03d3c2fdaf4956b32cfc' ) LIMIT 1   [ RunTime:0.000562s ]
SQL: SHOW COLUMNS FROM `tp_users` [ RunTime:0.005360s ]
SQL: SELECT * FROM `tp_users` WHERE ( `id` = 3 ) LIMIT 1   [ RunTime:0.000492s ]
SQL: SELECT * FROM `tp_user_group` WHERE ( `id` = 4 ) LIMIT 1   [ RunTime:0.000400s ]
SQL: UPDATE `tp_wxuser` SET `allcardnum`=1000 WHERE ( `token` = 'a39620d771ab03d3c2fdaf4956b32cfc' ) [ RunTime:0.000389s ]
SQL: UPDATE `tp_wxuser` SET `cardisok`=1 WHERE ( `uid` = 3 ) AND ( `token` = 'a39620d771ab03d3c2fdaf4956b32cfc' ) [ RunTime:0.000397s ]
INFO: [ view_template ] --START--
INFO: Run LocationTemplate Behavior [ RunTime:-1.083844s ]
INFO: [ view_template ] --END-- [ RunTime:0.023099s ]
INFO: [ view_parse ] --START--
INFO: Run ParseTemplate Behavior [ RunTime:-1.106995s ]
INFO: [ view_parse ] --END-- [ RunTime:0.042813s ]
INFO: [ view_filter ] --START--
INFO: Run ContentReplace Behavior [ RunTime:-1.149846s ]
INFO: Run TokenBuild Behavior [ RunTime:-1.152993s ]
INFO: Run WriteHtmlCache Behavior [ RunTime:-1.153649s ]
INFO: Run ShowRuntime Behavior [ RunTime:-1.153992s ]
INFO: [ view_filter ] --END-- [ RunTime:0.004659s ]
INFO: [ view_end ] --START--
INFO: Run ShowPageTrace Behavior [ RunTime:-1.154577s ]
INFO: [ view_end ] --END-- [ RunTime:0.000652s ]

